#
# A fatal error has been detected by the Java Runtime Environment:
#
#  SIGSEGV (0xb) at pc=0x00007f4cf9156211, pid=28324, tid=139968214079232
#
# JRE version: Java(TM) SE Runtime Environment (8.0_91-b14) (build 1.8.0_91-b14)
# Java VM: Java HotSpot(TM) 64-Bit Server VM (25.91-b14 mixed mode linux-amd64 compressed oops)
# Problematic frame:
# V  [libjvm.so+0x652211]  oopDesc::size_given_klass(Klass*)+0x1
#
# Failed to write core dump. Core dumps have been disabled. To enable core dumping, try "ulimit -c unlimited" before starting Java again
#
# If you would like to submit a bug report, please visit:
#   http://bugreport.java.com/bugreport/crash.jsp
#

---------------  T H R E A D  ---------------

Current thread (0x00007f4cf4024800):  GCTaskThread [stack: 0x00007f4ce39e1000,0x00007f4ce3ae2000] [id=28334]

siginfo: si_signo: 11 (SIGSEGV), si_code: 2 (SEGV_ACCERR), si_addr: 0x00000001028043a0

Registers:
RAX=0x00007f4cf9a87490, RBX=0x00007f4cf9abad60, RCX=0x0000000000000003, RDX=0x0000000000029c3d
RSP=0x00007f4ce3ae0720, RBP=0x00007f4ce3ae07a0, RSI=0x0000000102804398, RDI=0x00000000a5387a08
R8 =0x00000000000000a7, R9 =0x0000000000000040, R10=0x0000000000000005, R11=0x00007f4cf9ab6d40
R12=0x00000000a5387a08, R13=0x00000000a53879f4, R14=0x0000000000000005, R15=0x00007f4cf40749f0
RIP=0x00007f4cf9156211, EFLAGS=0x0000000000010202, CSGSFS=0x0000000000000033, ERR=0x0000000000000004
  TRAPNO=0x000000000000000e

Top of Stack: (sp=0x00007f4ce3ae0720)
0x00007f4ce3ae0720:   00007f4ce3ae07a0 00007f4cf93ff633
0x00007f4ce3ae0730:   00000000a53879e0 00000000a5387a04
0x00007f4ce3ae0740:   0000000000000005 00000000a53879c0
0x00007f4ce3ae0750:   0000000100016998 00007f4cf4074a30
0x00007f4ce3ae0760:   00007f4cf9a6f748 0000000000000005
0x00007f4ce3ae0770:   00000000a2e61518 00007f4cf9ab6d40
0x00007f4ce3ae0780:   00007f4cf40749f0 0000000000000003
0x00007f4ce3ae0790:   00007f4cf40749f0 00000000a8b85118
0x00007f4ce3ae07a0:   00007f4ce3ae0930 00007f4cf9477b22
0x00007f4ce3ae07b0:   00000000a0326d70 00000000a0adaa30
0x00007f4ce3ae07c0:   00007f4cf4074a00 00007f4ce3ae08e0
0x00007f4ce3ae07d0:   00007f4ce3ae08b0 00007f4ce3ae0890
0x00007f4ce3ae07e0:   00007f4ce3ae0880 00007f4ce3ae0870
0x00007f4ce3ae07f0:   00007f4ce3ae0860 00007f4ce3ae0850
0x00007f4ce3ae0800:   00007f4cf9aab879 00007f4cf4074ab0
0x00007f4ce3ae0810:   00000000a0ad9a20 00007f4ce3ae08d0
0x00007f4ce3ae0820:   00007f4ce3ae08c0 00007f4ce3ae08b0
0x00007f4ce3ae0830:   0000000000000400 0000000000000400
0x00007f4ce3ae0840:   00007f4cf4074a30 00007f4ce3ae08f8
0x00007f4ce3ae0850:   00000000a00b3d78 00007f4cf9abad60
0x00007f4ce3ae0860:   00007f4ce3ae08d0 00007f4cf9151b8c
0x00007f4ce3ae0870:   00000000a051608c 00000000a0142298
0x00007f4ce3ae0880:   0000000100002180 0000000100002180
0x00007f4ce3ae0890:   0000000000000000 00007f4c00000000
0x00007f4ce3ae08a0:   00007f4cf9abad60 00000000a0142298
0x00007f4ce3ae08b0:   00000000a2788590 00007f4cf9abad60
0x00007f4ce3ae08c0:   00007f4ce3ae0930 00007f4cf9151e2f
0x00007f4ce3ae08d0:   00000000a27884fc 00000000a27884e0
0x00007f4ce3ae08e0:   0000000100035228 0000000100035228
0x00007f4ce3ae08f0:   00001c5e00002e48 00000000a53879e0
0x00007f4ce3ae0900:   00000000a034ed30 0000000000000000
0x00007f4ce3ae0910:   00007f4cf40745a0 0000000000000003 

Instructions: (pc=0x00007f4cf9156211)
0x00007f4cf91561f1:   00 48 8b 01 48 89 45 f0 48 8b 41 08 48 8d 4d f0
0x00007f4cf9156201:   48 89 45 f8 41 ff d0 c9 c3 90 90 90 90 90 90 55
0x00007f4cf9156211:   8b 4e 08 48 89 f2 48 89 e5 83 f9 00 7e 11 f6 c1
0x00007f4cf9156221:   01 75 14 89 c8 c9 c1 f8 03 c3 0f 1f 44 00 00 75 

Register to memory mapping:

RAX=0x00007f4cf9a87490: <offset 0xf83490> in /usr/lib/jvm/java-8-oracle/jre/lib/amd64/server/libjvm.so at 0x00007f4cf8b04000
RBX=0x00007f4cf9abad60: <offset 0xfb6d60> in /usr/lib/jvm/java-8-oracle/jre/lib/amd64/server/libjvm.so at 0x00007f4cf8b04000
RCX=0x0000000000000003 is an unknown value
RDX=0x0000000000029c3d is an unknown value
RSP=0x00007f4ce3ae0720 is an unknown value
RBP=0x00007f4ce3ae07a0 is an unknown value
RSI=0x0000000102804398 is an unknown value
RDI=
[error occurred during error reporting (printing register info), id 0xb]

Stack: [0x00007f4ce39e1000,0x00007f4ce3ae2000],  sp=0x00007f4ce3ae0720,  free space=1021k
Native frames: (J=compiled Java code, j=interpreted, Vv=VM code, C=native code)
V  [libjvm.so+0x652211]  oopDesc::size_given_klass(Klass*)+0x1
V  [libjvm.so+0x973b22]  ParCompactionManager::follow_marking_stacks()+0x232
V  [libjvm.so+0x95a215]  StealMarkingTask::do_it(GCTaskManager*, unsigned int)+0x325
V  [libjvm.so+0x5d584f]  GCTaskThread::run()+0x12f
V  [libjvm.so+0x91ef78]  java_start(Thread*)+0x108


---------------  P R O C E S S  ---------------

Java Threads: ( => current thread )
  0x00007f4c6c015000 JavaThread "process reaper" daemon [_thread_blocked, id=29172, stack(0x00007f4cd33c5000,0x00007f4cd33fe000)]
  0x00007f4c7c031000 JavaThread "pool-17-thread-2" [_thread_blocked, id=29168, stack(0x00007f4cd0062000,0x00007f4cd0163000)]
  0x00007f4c7c030000 JavaThread "pool-17-thread-1" [_thread_blocked, id=29167, stack(0x00007f4cd0a66000,0x00007f4cd0b67000)]
  0x00007f4c7c02b000 JavaThread "Cache update executor" [_thread_blocked, id=29166, stack(0x00007f4cd0965000,0x00007f4cd0a66000)]
  0x00007f4c7c002800 JavaThread "Stdin handler" [_thread_blocked, id=29162, stack(0x00007f4cd1b24000,0x00007f4cd1c25000)]
  0x00007f4c7c001800 JavaThread "Asynchronous log dispatcher for DefaultDaemonConnection: socket connection from /127.0.0.1:42072 to /127.0.0.1:55914" [_thread_blocked, id=29161, stack(0x00007f4cd3eff000,0x00007f4cd4000000)]
  0x00007f4c94006000 JavaThread "Daemon worker Thread 2" [_thread_blocked, id=29160, stack(0x00007f4cd8197000,0x00007f4cd8298000)]
  0x00007f4c94007800 JavaThread "Cancel handler" [_thread_blocked, id=29159, stack(0x00007f4cd8498000,0x00007f4cd8599000)]
  0x00007f4c9400c000 JavaThread "Handler for socket connection from /127.0.0.1:42072 to /127.0.0.1:55914" [_thread_in_native, id=29158, stack(0x00007f4cd8096000,0x00007f4cd8197000)]
  0x00007f4ca0016800 JavaThread "Daemon Thread 2" [_thread_blocked, id=29157, stack(0x00007f4cd8599000,0x00007f4cd869a000)]
  0x00007f4c6c00c800 JavaThread "pool-4-thread-2" [_thread_blocked, id=28632, stack(0x00007f4cd0163000,0x00007f4cd0264000)]
  0x00007f4c90dcb800 JavaThread "pool-4-thread-1" [_thread_blocked, id=28511, stack(0x00007f4cd3dfe000,0x00007f4cd3eff000)]
  0x00007f4c90915000 JavaThread "pool-2-thread-1" [_thread_blocked, id=28440, stack(0x00007f4cd2a38000,0x00007f4cd2b39000)]
  0x00007f4c906cf000 JavaThread "File lock request listener" [_thread_in_native, id=28414, stack(0x00007f4cd32c4000,0x00007f4cd33c5000)]
  0x00007f4cf4c59000 JavaThread "Incoming local TCP Connector on port 42072" [_thread_in_native, id=28380, stack(0x00007f4cd88a1000,0x00007f4cd89a2000)]
  0x00007f4cf4be5000 JavaThread "pool-1-thread-1" [_thread_blocked, id=28374, stack(0x00007f4cd89a2000,0x00007f4cd8aa3000)]
  0x00007f4cf40c1000 JavaThread "Service Thread" daemon [_thread_blocked, id=28344, stack(0x00007f4cda200000,0x00007f4cda301000)]
  0x00007f4cf40be000 JavaThread "C1 CompilerThread2" daemon [_thread_blocked, id=28343, stack(0x00007f4cda301000,0x00007f4cda402000)]
  0x00007f4cf40bc000 JavaThread "C2 CompilerThread1" daemon [_thread_blocked, id=28342, stack(0x00007f4cda402000,0x00007f4cda503000)]
  0x00007f4cf40b9800 JavaThread "C2 CompilerThread0" daemon [_thread_blocked, id=28341, stack(0x00007f4cda503000,0x00007f4cda604000)]
  0x00007f4cf40b8000 JavaThread "Signal Dispatcher" daemon [_thread_blocked, id=28340, stack(0x00007f4cda604000,0x00007f4cda705000)]
  0x00007f4cf4084000 JavaThread "Finalizer" daemon [_thread_blocked, id=28338, stack(0x00007f4cda9f2000,0x00007f4cdaaf3000)]
  0x00007f4cf407f000 JavaThread "Reference Handler" daemon [_thread_blocked, id=28337, stack(0x00007f4cdaaf3000,0x00007f4cdabf4000)]
  0x00007f4cf400a000 JavaThread "main" [_thread_blocked, id=28328, stack(0x00007f4cfa5dc000,0x00007f4cfa6dd000)]

Other Threads:
  0x00007f4cf4077800 VMThread [stack: 0x00007f4cdabf4000,0x00007f4cdacf5000] [id=28336]
  0x00007f4cf40c4000 WatcherThread [stack: 0x00007f4cda0ff000,0x00007f4cda200000] [id=28345]

=>0x00007f4cf4024800 (exited) GCTaskThread [stack: 0x00007f4ce39e1000,0x00007f4ce3ae2000] [id=28334]

VM state:at safepoint (normal execution)

VM Mutex/Monitor currently owned by a thread:  ([mutex/lock_event])
[0x00007f4cf4006210] Threads_lock - owner thread: 0x00007f4cf4077800
[0x00007f4cf4006710] Heap_lock - owner thread: 0x00007f4c94006000

Heap:
 PSYoungGen      total 175104K, used 22344K [0x00000000e0000000, 0x00000000ef500000, 0x0000000100000000)
  eden space 111616K, 0% used [0x00000000e0000000,0x00000000e0000000,0x00000000e6d00000)
  from space 63488K, 35% used [0x00000000e6d00000,0x00000000e82d2300,0x00000000eab00000)
  to   space 59904K, 0% used [0x00000000eba80000,0x00000000eba80000,0x00000000ef500000)
 ParOldGen       total 282624K, used 241786K [0x00000000a0000000, 0x00000000b1400000, 0x00000000e0000000)
  object space 282624K, 85% used [0x00000000a0000000,0x00000000aec1e8b0,0x00000000b1400000)
 Metaspace       used 80141K, capacity 82776K, committed 82944K, reserved 1122304K
  class space    used 10392K, capacity 10951K, committed 11008K, reserved 1048576K

Card table byte_map: [0x00007f4ce3ee4000,0x00007f4ce41e5000] byte_map_base: 0x00007f4ce39e4000

Marking Bits: (ParMarkBitMap*) 0x00007f4cf9abad60
 Begin Bits: [0x00007f4ce09e1000, 0x00007f4ce21e1000)
 End Bits:   [0x00007f4ce21e1000, 0x00007f4ce39e1000)

Polling page: 0x00007f4cfa709000

CodeCache: size=245760Kb used=40054Kb max_used=40075Kb free=205706Kb
 bounds [0x00007f4ce45a5000, 0x00007f4ce6d05000, 0x00007f4cf35a5000]
 total_blobs=12996 nmethods=12192 adapters=715
 compilation: enabled

Compilation events (10 events):
Event: 453.619 Thread 0x00007f4cf40b9800 nmethod 15071 0x00007f4ce6cdd450 code [0x00007f4ce6cdd5e0, 0x00007f4ce6cddbe8]
Event: 453.619 Thread 0x00007f4cf40b9800 15078       4       java.util.ArrayDeque::removeFirst (19 bytes)
Event: 453.619 Thread 0x00007f4cf40bc000 nmethod 15026 0x00007f4ce6cf03d0 code [0x00007f4ce6cf0a40, 0x00007f4ce6cf3a90]
Event: 453.620 Thread 0x00007f4cf40bc000 14893       4       com.sun.tools.javac.jvm.ClassReader$4::read (37 bytes)
Event: 453.621 Thread 0x00007f4cf40b9800 nmethod 15078 0x00007f4ce6cee910 code [0x00007f4ce6ceea60, 0x00007f4ce6ceeb38]
Event: 453.622 Thread 0x00007f4cf40b9800 15080       4       java.util.GregorianCalendar::computeFields (81 bytes)
Event: 453.623 Thread 0x00007f4cf40bc000 nmethod 14893 0x00007f4ce6cefdd0 code [0x00007f4ce6ceff40, 0x00007f4ce6cf0168]
Event: 453.623 Thread 0x00007f4cf40bc000 15081       4       java.util.Locale::hashCode (41 bytes)
Event: 453.625 Thread 0x00007f4cf40bc000 nmethod 15081 0x00007f4ce6cefad0 code [0x00007f4ce6cefc20, 0x00007f4ce6cefce8]
Event: 453.625 Thread 0x00007f4cf40bc000 15082       4       java.util.GregorianCalendar::computeFields (1571 bytes)

GC Heap History (10 events):
Event: 151.972 GC heap after
Heap after GC invocations=36 (full 5):
 PSYoungGen      total 150016K, used 24908K [0x00000000e0000000, 0x00000000ed680000, 0x0000000100000000)
  eden space 95744K, 0% used [0x00000000e0000000,0x00000000e0000000,0x00000000e5d80000)
  from space 54272K, 45% used [0x00000000e5d80000,0x00000000e75d3168,0x00000000e9280000)
  to   space 53248K, 0% used [0x00000000ea280000,0x00000000ea280000,0x00000000ed680000)
 ParOldGen       total 282624K, used 182821K [0x00000000a0000000, 0x00000000b1400000, 0x00000000e0000000)
  object space 282624K, 64% used [0x00000000a0000000,0x00000000ab2896d0,0x00000000b1400000)
 Metaspace       used 74669K, capacity 77026K, committed 77184K, reserved 1116160K
  class space    used 9744K, capacity 10256K, committed 10368K, reserved 1048576K
}
Event: 450.130 GC heap before
{Heap before GC invocations=37 (full 5):
 PSYoungGen      total 150016K, used 120652K [0x00000000e0000000, 0x00000000ed680000, 0x0000000100000000)
  eden space 95744K, 100% used [0x00000000e0000000,0x00000000e5d80000,0x00000000e5d80000)
  from space 54272K, 45% used [0x00000000e5d80000,0x00000000e75d3168,0x00000000e9280000)
  to   space 53248K, 0% used [0x00000000ea280000,0x00000000ea280000,0x00000000ed680000)
 ParOldGen       total 282624K, used 182821K [0x00000000a0000000, 0x00000000b1400000, 0x00000000e0000000)
  object space 282624K, 64% used [0x00000000a0000000,0x00000000ab2896d0,0x00000000b1400000)
 Metaspace       used 76206K, capacity 78626K, committed 78848K, reserved 1118208K
  class space    used 9932K, capacity 10482K, committed 10496K, reserved 1048576K
Event: 450.145 GC heap after
Heap after GC invocations=37 (full 5):
 PSYoungGen      total 159232K, used 3156K [0x00000000e0000000, 0x00000000ed200000, 0x0000000100000000)
  eden space 110592K, 0% used [0x00000000e0000000,0x00000000e0000000,0x00000000e6c00000)
  from space 48640K, 6% used [0x00000000ea280000,0x00000000ea595148,0x00000000ed200000)
  to   space 52224K, 0% used [0x00000000e6c00000,0x00000000e6c00000,0x00000000e9f00000)
 ParOldGen       total 282624K, used 183363K [0x00000000a0000000, 0x00000000b1400000, 0x00000000e0000000)
  object space 282624K, 64% used [0x00000000a0000000,0x00000000ab310f78,0x00000000b1400000)
 Metaspace       used 76206K, capacity 78626K, committed 78848K, reserved 1118208K
  class space    used 9932K, capacity 10482K, committed 10496K, reserved 1048576K
}
Event: 451.880 GC heap before
{Heap before GC invocations=38 (full 5):
 PSYoungGen      total 159232K, used 113748K [0x00000000e0000000, 0x00000000ed200000, 0x0000000100000000)
  eden space 110592K, 100% used [0x00000000e0000000,0x00000000e6c00000,0x00000000e6c00000)
  from space 48640K, 6% used [0x00000000ea280000,0x00000000ea595148,0x00000000ed200000)
  to   space 52224K, 0% used [0x00000000e6c00000,0x00000000e6c00000,0x00000000e9f00000)
 ParOldGen       total 282624K, used 183363K [0x00000000a0000000, 0x00000000b1400000, 0x00000000e0000000)
  object space 282624K, 64% used [0x00000000a0000000,0x00000000ab310f78,0x00000000b1400000)
 Metaspace       used 76696K, capacity 79164K, committed 79488K, reserved 1118208K
  class space    used 9953K, capacity 10497K, committed 10624K, reserved 1048576K
Event: 451.898 GC heap after
Heap after GC invocations=38 (full 5):
 PSYoungGen      total 162816K, used 6208K [0x00000000e0000000, 0x00000000edd00000, 0x0000000100000000)
  eden space 110592K, 0% used [0x00000000e0000000,0x00000000e0000000,0x00000000e6c00000)
  from space 52224K, 11% used [0x00000000e6c00000,0x00000000e7210000,0x00000000e9f00000)
  to   space 51200K, 0% used [0x00000000eab00000,0x00000000eab00000,0x00000000edd00000)
 ParOldGen       total 282624K, used 185035K [0x00000000a0000000, 0x00000000b1400000, 0x00000000e0000000)
  object space 282624K, 65% used [0x00000000a0000000,0x00000000ab4b2ff8,0x00000000b1400000)
 Metaspace       used 76696K, capacity 79164K, committed 79488K, reserved 1118208K
  class space    used 9953K, capacity 10497K, committed 10624K, reserved 1048576K
}
Event: 452.597 GC heap before
{Heap before GC invocations=39 (full 5):
 PSYoungGen      total 162816K, used 116800K [0x00000000e0000000, 0x00000000edd00000, 0x0000000100000000)
  eden space 110592K, 100% used [0x00000000e0000000,0x00000000e6c00000,0x00000000e6c00000)
  from space 52224K, 11% used [0x00000000e6c00000,0x00000000e7210000,0x00000000e9f00000)
  to   space 51200K, 0% used [0x00000000eab00000,0x00000000eab00000,0x00000000edd00000)
 ParOldGen       total 282624K, used 185035K [0x00000000a0000000, 0x00000000b1400000, 0x00000000e0000000)
  object space 282624K, 65% used [0x00000000a0000000,0x00000000ab4b2ff8,0x00000000b1400000)
 Metaspace       used 78324K, capacity 80988K, committed 81152K, reserved 1120256K
  class space    used 10148K, capacity 10721K, committed 10752K, reserved 1048576K
Event: 452.702 GC heap after
Heap after GC invocations=39 (full 5):
 PSYoungGen      total 162816K, used 51170K [0x00000000e0000000, 0x00000000ef980000, 0x0000000100000000)
  eden space 111616K, 0% used [0x00000000e0000000,0x00000000e0000000,0x00000000e6d00000)
  from space 51200K, 99% used [0x00000000eab00000,0x00000000edcf88f8,0x00000000edd00000)
  to   space 63488K, 0% used [0x00000000e6d00000,0x00000000e6d00000,0x00000000eab00000)
 ParOldGen       total 282624K, used 193155K [0x00000000a0000000, 0x00000000b1400000, 0x00000000e0000000)
  object space 282624K, 68% used [0x00000000a0000000,0x00000000abca0c08,0x00000000b1400000)
 Metaspace       used 78324K, capacity 80988K, committed 81152K, reserved 1120256K
  class space    used 10148K, capacity 10721K, committed 10752K, reserved 1048576K
}
Event: 453.626 GC heap before
{Heap before GC invocations=40 (full 5):
 PSYoungGen      total 162816K, used 162786K [0x00000000e0000000, 0x00000000ef980000, 0x0000000100000000)
  eden space 111616K, 100% used [0x00000000e0000000,0x00000000e6d00000,0x00000000e6d00000)
  from space 51200K, 99% used [0x00000000eab00000,0x00000000edcf88f8,0x00000000edd00000)
  to   space 63488K, 0% used [0x00000000e6d00000,0x00000000e6d00000,0x00000000eab00000)
 ParOldGen       total 282624K, used 193155K [0x00000000a0000000, 0x00000000b1400000, 0x00000000e0000000)
  object space 282624K, 68% used [0x00000000a0000000,0x00000000abca0c08,0x00000000b1400000)
 Metaspace       used 80141K, capacity 82776K, committed 82944K, reserved 1122304K
  class space    used 10392K, capacity 10951K, committed 11008K, reserved 1048576K
Event: 453.710 GC heap after
Heap after GC invocations=40 (full 5):
 PSYoungGen      total 175104K, used 22344K [0x00000000e0000000, 0x00000000ef500000, 0x0000000100000000)
  eden space 111616K, 0% used [0x00000000e0000000,0x00000000e0000000,0x00000000e6d00000)
  from space 63488K, 35% used [0x00000000e6d00000,0x00000000e82d2300,0x00000000eab00000)
  to   space 59904K, 0% used [0x00000000eba80000,0x00000000eba80000,0x00000000ef500000)
 ParOldGen       total 282624K, used 241786K [0x00000000a0000000, 0x00000000b1400000, 0x00000000e0000000)
  object space 282624K, 85% used [0x00000000a0000000,0x00000000aec1e8b0,0x00000000b1400000)
 Metaspace       used 80141K, capacity 82776K, committed 82944K, reserved 1122304K
  class space    used 10392K, capacity 10951K, committed 11008K, reserved 1048576K
}
Event: 453.710 GC heap before
{Heap before GC invocations=41 (full 6):
 PSYoungGen      total 175104K, used 22344K [0x00000000e0000000, 0x00000000ef500000, 0x0000000100000000)
  eden space 111616K, 0% used [0x00000000e0000000,0x00000000e0000000,0x00000000e6d00000)
  from space 63488K, 35% used [0x00000000e6d00000,0x00000000e82d2300,0x00000000eab00000)
  to   space 59904K, 0% used [0x00000000eba80000,0x00000000eba80000,0x00000000ef500000)
 ParOldGen       total 282624K, used 241786K [0x00000000a0000000, 0x00000000b1400000, 0x00000000e0000000)
  object space 282624K, 85% used [0x00000000a0000000,0x00000000aec1e8b0,0x00000000b1400000)
 Metaspace       used 80141K, capacity 82776K, committed 82944K, reserved 1122304K
  class space    used 10392K, capacity 10951K, committed 11008K, reserved 1048576K

Deoptimization events (10 events):
Event: 450.403 Thread 0x00007f4c94006000 Uncommon trap: reason=null_check action=make_not_entrant pc=0x00007f4ce531ba90 method=sun.nio.fs.NativeBuffers.releaseNativeBuffer(Lsun/nio/fs/NativeBuffer;)V @ 6
Event: 450.435 Thread 0x00007f4c94006000 Uncommon trap: reason=class_check action=maybe_recompile pc=0x00007f4ce61d9a60 method=com.google.common.collect.AbstractMapBasedMultimap$WrappedCollection.refreshIfEmpty()V @ 40
Event: 450.435 Thread 0x00007f4c94006000 Uncommon trap: reason=class_check action=maybe_recompile pc=0x00007f4ce61d8f2c method=com.google.common.collect.AbstractMapBasedMultimap$WrappedCollection.refreshIfEmpty()V @ 40
Event: 450.435 Thread 0x00007f4c94006000 Uncommon trap: reason=class_check action=maybe_recompile pc=0x00007f4ce476cf90 method=com.google.common.collect.AbstractMapBasedMultimap$WrappedCollection.refreshIfEmpty()V @ 40
Event: 450.435 Thread 0x00007f4c94006000 Uncommon trap: reason=class_check action=maybe_recompile pc=0x00007f4ce61d9a60 method=com.google.common.collect.AbstractMapBasedMultimap$WrappedCollection.refreshIfEmpty()V @ 40
Event: 450.435 Thread 0x00007f4c94006000 Uncommon trap: reason=class_check action=maybe_recompile pc=0x00007f4ce476cf90 method=com.google.common.collect.AbstractMapBasedMultimap$WrappedCollection.refreshIfEmpty()V @ 40
Event: 450.498 Thread 0x00007f4c94006000 Uncommon trap: reason=unstable_if action=reinterpret pc=0x00007f4ce51fbf7c method=com.google.common.cache.LocalCache.isExpired(Lcom/google/common/cache/LocalCache$ReferenceEntry;J)Z @ 9
Event: 451.067 Thread 0x00007f4c94006000 Uncommon trap: reason=speculate_class_check action=maybe_recompile pc=0x00007f4ce6229d3c method=com.sun.org.apache.xerces.internal.dom.CoreDocumentImpl.isKidOK(Lorg/w3c/dom/Node;Lorg/w3c/dom/Node;)Z @ 39
Event: 452.285 Thread 0x00007f4c94006000 Uncommon trap: reason=class_check action=maybe_recompile pc=0x00007f4ce5b8a678 method=org.apache.xerces.impl.XMLDocumentFragmentScannerImpl.scanStartElement()Z @ 309
Event: 453.507 Thread 0x00007f4c94006000 Uncommon trap: reason=class_check action=maybe_recompile pc=0x00007f4ce62167d8 method=sun.nio.cs.ThreadLocalCoders$1.hasName(Ljava/lang/Object;Ljava/lang/Object;)Z @ 30

Internal exceptions (10 events):
Event: 146.814 Thread 0x00007f4c9400c000 Exception <a 'java/lang/ClassNotFoundException': com/sun/org/glassfish/hk2/osgiresourcelocator/ServiceLoader> (0x00000000e2594ea8) thrown at [/HUDSON/workspace/8-2-build-linux-amd64/jdk8u91/6644/hotspot/src/share/vm/classfile/systemDictionary.cpp, line 21
Event: 148.543 Thread 0x00007f4c9400c000 Exception <a 'java/lang/NoSuchMethodError': java.lang.Object.lambda$asRunnable$0(Lcom/android/apkzlib/utils/IOExceptionRunnable;)V> (0x00000000e37a0920) thrown at [/HUDSON/workspace/8-2-build-linux-amd64/jdk8u91/6644/hotspot/src/share/vm/interpreter/linkR
Event: 153.867 Thread 0x00007f4c9400c000 Exception <a 'sun/nio/fs/UnixException'> (0x00000000e4ebee60) thrown at [/HUDSON/workspace/8-2-build-linux-amd64/jdk8u91/6644/hotspot/src/share/vm/prims/jni.cpp, line 709]
Event: 450.036 Thread 0x00007f4c94006000 Exception <a 'java/lang/ClassNotFoundException': asLocalRepo478_aojtbj3yvt1um635noraur5iBeanInfo> (0x00000000e57e8350) thrown at [/HUDSON/workspace/8-2-build-linux-amd64/jdk8u91/6644/hotspot/src/share/vm/classfile/systemDictionary.cpp, line 210]
Event: 450.044 Thread 0x00007f4c94006000 Exception <a 'java/lang/ClassNotFoundException': asLocalRepo478_aojtbj3yvt1um635noraur5iCustomizer> (0x00000000e57f34d8) thrown at [/HUDSON/workspace/8-2-build-linux-amd64/jdk8u91/6644/hotspot/src/share/vm/classfile/systemDictionary.cpp, line 210]
Event: 450.403 Thread 0x00007f4c94006000 Implicit null exception at 0x00007f4ce5422961 to 0x00007f4ce5422a61
Event: 450.403 Thread 0x00007f4c94006000 Exception <a 'sun/nio/fs/UnixException'> (0x00000000e200a660) thrown at [/HUDSON/workspace/8-2-build-linux-amd64/jdk8u91/6644/hotspot/src/share/vm/prims/jni.cpp, line 709]
Event: 450.403 Thread 0x00007f4c94006000 Implicit null exception at 0x00007f4ce531b96a to 0x00007f4ce531ba81
Event: 452.219 Thread 0x00007f4c94006000 Exception <a 'java/lang/NoSuchMethodError': <clinit>> (0x00000000e2fff080) thrown at [/HUDSON/workspace/8-2-build-linux-amd64/jdk8u91/6644/hotspot/src/share/vm/prims/jni.cpp, line 1613]
Event: 452.483 Thread 0x00007f4c94006000 Exception <a 'java/lang/ClassNotFoundException': com/sun/org/glassfish/hk2/osgiresourcelocator/ServiceLoader> (0x00000000e67a5f20) thrown at [/HUDSON/workspace/8-2-build-linux-amd64/jdk8u91/6644/hotspot/src/share/vm/classfile/systemDictionary.cpp, line 21

Events (10 events):
Event: 453.411 Thread 0x00007f4c94006000 DEOPT PACKING pc=0x00007f4ce5f8d4c1 sp=0x00007f4cd82923f0
Event: 453.411 Thread 0x00007f4c94006000 DEOPT UNPACKING pc=0x00007f4ce45ec633 sp=0x00007f4cd82921a8 mode 0
Event: 453.414 Thread 0x00007f4c94006000 DEOPT PACKING pc=0x00007f4ce5f8d4c1 sp=0x00007f4cd82921e0
Event: 453.414 Thread 0x00007f4c94006000 DEOPT UNPACKING pc=0x00007f4ce45ec633 sp=0x00007f4cd8291fa8 mode 0
Event: 453.421 Executing VM operation: ForceSafepoint
Event: 453.422 Executing VM operation: ForceSafepoint done
Event: 453.507 Thread 0x00007f4c94006000 Uncommon trap: trap_request=0xffffffde fr.pc=0x00007f4ce62167d8
Event: 453.507 Thread 0x00007f4c94006000 DEOPT PACKING pc=0x00007f4ce62167d8 sp=0x00007f4cd8292e20
Event: 453.507 Thread 0x00007f4c94006000 DEOPT UNPACKING pc=0x00007f4ce45aa229 sp=0x00007f4cd8292d98 mode 2
Event: 453.626 Executing VM operation: ParallelGCFailedAllocation


Dynamic libraries:
00400000-00401000 r-xp 00000000 08:01 3016174                            /usr/lib/jvm/java-8-oracle/bin/java
00600000-00601000 rw-p 00000000 08:01 3016174                            /usr/lib/jvm/java-8-oracle/bin/java
020b1000-020d2000 rw-p 00000000 00:00 0                                  [heap]
a0000000-b1400000 rw-p 00000000 00:00 0 
b1400000-e0000000 ---p 00000000 00:00 0 
e0000000-ef500000 rw-p 00000000 00:00 0 
ef500000-100000000 ---p 00000000 00:00 0 
100000000-100ac0000 rw-p 00000000 00:00 0 
100ac0000-140000000 ---p 00000000 00:00 0 
7f4c5c000000-7f4c5c0c8000 rw-p 00000000 00:00 0 
7f4c5c0c8000-7f4c60000000 ---p 00000000 00:00 0 
7f4c62eb4000-7f4c62ef4000 rw-p 00000000 00:00 0 
7f4c62ef4000-7f4c630b4000 ---p 00000000 00:00 0 
7f4c630b4000-7f4c632b4000 rw-p 00000000 00:00 0 
7f4c632b4000-7f4c632e6000 r-xp 00000000 08:01 3284681                    /usr/lib/jvm/java-8-oracle/jre/lib/amd64/libsunec.so
7f4c632e6000-7f4c634e5000 ---p 00032000 08:01 3284681                    /usr/lib/jvm/java-8-oracle/jre/lib/amd64/libsunec.so
7f4c634e5000-7f4c634eb000 rw-p 00031000 08:01 3284681                    /usr/lib/jvm/java-8-oracle/jre/lib/amd64/libsunec.so
7f4c634eb000-7f4c636fb000 rw-p 00000000 00:00 0 
7f4c636fb000-7f4c636fe000 ---p 00000000 00:00 0 
7f4c636fe000-7f4c637fc000 rw-p 00000000 00:00 0 
7f4c637fc000-7f4c637ff000 ---p 00000000 00:00 0 
7f4c637ff000-7f4c638fd000 rw-p 00000000 00:00 0 
7f4c638fd000-7f4c63900000 ---p 00000000 00:00 0 
7f4c63900000-7f4c63bfe000 rw-p 00000000 00:00 0 
7f4c63bfe000-7f4c63dfe000 rw-p 00000000 00:00 0 
7f4c63dfe000-7f4c63e01000 ---p 00000000 00:00 0 
7f4c63e01000-7f4c63eff000 rw-p 00000000 00:00 0 
7f4c63eff000-7f4c63f02000 ---p 00000000 00:00 0 
7f4c63f02000-7f4c64000000 rw-p 00000000 00:00 0 
7f4c64000000-7f4c6409e000 rw-p 00000000 00:00 0 
7f4c6409e000-7f4c68000000 ---p 00000000 00:00 0 
7f4c68000000-7f4c68021000 rw-p 00000000 00:00 0 
7f4c68021000-7f4c6c000000 ---p 00000000 00:00 0 
7f4c6c000000-7f4c6c2a1000 rw-p 00000000 00:00 0 
7f4c6c2a1000-7f4c70000000 ---p 00000000 00:00 0 
7f4c70000000-7f4c70021000 rw-p 00000000 00:00 0 
7f4c70021000-7f4c74000000 ---p 00000000 00:00 0 
7f4c74000000-7f4c74021000 rw-p 00000000 00:00 0 
7f4c74021000-7f4c78000000 ---p 00000000 00:00 0 
7f4c78000000-7f4c78023000 rw-p 00000000 00:00 0 
7f4c78023000-7f4c7c000000 ---p 00000000 00:00 0 
7f4c7c000000-7f4c7c1a3000 rw-p 00000000 00:00 0 
7f4c7c1a3000-7f4c80000000 ---p 00000000 00:00 0 
7f4c80000000-7f4c80021000 rw-p 00000000 00:00 0 
7f4c80021000-7f4c84000000 ---p 00000000 00:00 0 
7f4c84000000-7f4c84021000 rw-p 00000000 00:00 0 
7f4c84021000-7f4c88000000 ---p 00000000 00:00 0 
7f4c88000000-7f4c880f9000 rw-p 00000000 00:00 0 
7f4c880f9000-7f4c8c000000 ---p 00000000 00:00 0 
7f4c8c000000-7f4c8c04b000 rw-p 00000000 00:00 0 
7f4c8c04b000-7f4c90000000 ---p 00000000 00:00 0 
7f4c90000000-7f4c91bca000 rw-p 00000000 00:00 0 
7f4c91bca000-7f4c94000000 ---p 00000000 00:00 0 
7f4c94000000-7f4c94021000 rw-p 00000000 00:00 0 
7f4c94021000-7f4c98000000 ---p 00000000 00:00 0 
7f4c98000000-7f4c980dc000 rw-p 00000000 00:00 0 
7f4c980dc000-7f4c9c000000 ---p 00000000 00:00 0 
7f4c9c000000-7f4c9c021000 rw-p 00000000 00:00 0 
7f4c9c021000-7f4ca0000000 ---p 00000000 00:00 0 
7f4ca0000000-7f4ca0074000 rw-p 00000000 00:00 0 
7f4ca0074000-7f4ca4000000 ---p 00000000 00:00 0 
7f4ca4000000-7f4ca4021000 rw-p 00000000 00:00 0 
7f4ca4021000-7f4ca8000000 ---p 00000000 00:00 0 
7f4ca8000000-7f4ca8021000 rw-p 00000000 00:00 0 
7f4ca8021000-7f4cac000000 ---p 00000000 00:00 0 
7f4cac000000-7f4cae032000 rw-p 00000000 00:00 0 
7f4cae032000-7f4cb0000000 ---p 00000000 00:00 0 
7f4cb0000000-7f4cb1114000 rw-p 00000000 00:00 0 
7f4cb1114000-7f4cb4000000 ---p 00000000 00:00 0 
7f4cb4000000-7f4cb4021000 rw-p 00000000 00:00 0 
7f4cb4021000-7f4cb8000000 ---p 00000000 00:00 0 
7f4cb8000000-7f4cbab1c000 rw-p 00000000 00:00 0 
7f4cbab1c000-7f4cbc000000 ---p 00000000 00:00 0 
7f4cbc000000-7f4cbc021000 rw-p 00000000 00:00 0 
7f4cbc021000-7f4cc0000000 ---p 00000000 00:00 0 
7f4cc0000000-7f4cc0021000 rw-p 00000000 00:00 0 
7f4cc0021000-7f4cc4000000 ---p 00000000 00:00 0 
7f4cc4000000-7f4cc42d7000 rw-p 00000000 00:00 0 
7f4cc42d7000-7f4cc8000000 ---p 00000000 00:00 0 
7f4cc8000000-7f4cc80b3000 rw-p 00000000 00:00 0 
7f4cc80b3000-7f4ccc000000 ---p 00000000 00:00 0 
7f4ccc000000-7f4ccc02c000 rw-p 00000000 00:00 0 
7f4ccc02c000-7f4cd0000000 ---p 00000000 00:00 0 
7f4cd0062000-7f4cd0065000 ---p 00000000 00:00 0 
7f4cd0065000-7f4cd0163000 rw-p 00000000 00:00 0 
7f4cd0163000-7f4cd0166000 ---p 00000000 00:00 0 
7f4cd0166000-7f4cd0464000 rw-p 00000000 00:00 0 
7f4cd0464000-7f4cd0664000 rw-p 00000000 00:00 0 
7f4cd0664000-7f4cd0864000 rw-p 00000000 00:00 0 
7f4cd0864000-7f4cd0867000 ---p 00000000 00:00 0 
7f4cd0867000-7f4cd0965000 rw-p 00000000 00:00 0 
7f4cd0965000-7f4cd0968000 ---p 00000000 00:00 0 
7f4cd0968000-7f4cd0a66000 rw-p 00000000 00:00 0 
7f4cd0a66000-7f4cd0a69000 ---p 00000000 00:00 0 
7f4cd0a69000-7f4cd0d67000 rw-p 00000000 00:00 0 
7f4cd0e5b000-7f4cd105b000 rw-p 00000000 00:00 0 
7f4cd105b000-7f4cd125b000 rw-p 00000000 00:00 0 
7f4cd12d5000-7f4cd14d5000 rw-p 00000000 00:00 0 
7f4cd1500000-7f4cd1700000 rw-p 00000000 00:00 0 
7f4cd1700000-7f4cd1900000 rw-p 00000000 00:00 0 
7f4cd1900000-7f4cd1b00000 rw-p 00000000 00:00 0 
7f4cd1b1a000-7f4cd1b20000 r--s 0003f000 08:01 3673025                    /usr/lib/jvm/java-8-oracle/jre/lib/ext/sunjce_provider.jar
7f4cd1b20000-7f4cd1b21000 r--s 00009000 08:01 3673019                    /usr/lib/jvm/java-8-oracle/jre/lib/ext/sunec.jar
7f4cd1b21000-7f4cd1b24000 r--s 0001a000 08:01 3149906                    /usr/lib/jvm/java-8-oracle/jre/lib/jce.jar
7f4cd1b24000-7f4cd1b27000 ---p 00000000 00:00 0 
7f4cd1b27000-7f4cd1e25000 rw-p 00000000 00:00 0 
7f4cd1e25000-7f4cd2025000 rw-p 00000000 00:00 0 
7f4cd2025000-7f4cd2225000 rw-p 00000000 00:00 0 
7f4cd2225000-7f4cd2238000 r--s 00344000 08:01 3149872                    /usr/lib/jvm/java-8-oracle/jre/lib/resources.jar
7f4cd2238000-7f4cd2438000 rw-p 00000000 00:00 0 
7f4cd2438000-7f4cd2638000 rw-p 00000000 00:00 0 
7f4cd2638000-7f4cd2838000 rw-p 00000000 00:00 0 
7f4cd2838000-7f4cd2a38000 rw-p 00000000 00:00 0 
7f4cd2a38000-7f4cd2a3b000 ---p 00000000 00:00 0 
7f4cd2a3b000-7f4cd2d39000 rw-p 00000000 00:00 0 
7f4cd2d39000-7f4cd2d3a000 r--s 00001000 08:01 5269704                    /home/ahmed/.gradle/caches/jars-2/7c4c8dw4bn3s8grc5kz09cv28jy9yn3/annotations-25.3.0.jar
7f4cd2d3a000-7f4cd2d42000 r--s 000a8000 08:01 5376291                    /home/ahmed/.gradle/caches/jars-2/lp0h431tl0554nh1vx6zomcvteflkp/lombok-ast-0.2.3.jar
7f4cd2d42000-7f4cd2d56000 r--s 000b4000 08:01 5269703                    /home/ahmed/.gradle/caches/jars-2/igzbti8te04ygk32hg4q3ljfkkkzmlr/uast-162.2228.14.jar
7f4cd2d56000-7f4cd2d58000 r--s 0000d000 08:01 5376290                    /home/ahmed/.gradle/caches/jars-2/7pwz1bowgakb1eux9ezb56jlturgsyi/commons-codec-1.4.jar
7f4cd2d58000-7f4cd2d5a000 r--s 0000d000 08:01 5376289                    /home/ahmed/.gradle/caches/jars-2/9dj1m0eyooi5qt13735vz8fpkl3cnfy/commons-logging-1.1.1.jar
7f4cd2d5a000-7f4cd2d5f000 r--s 00028000 08:01 5376288                    /home/ahmed/.gradle/caches/jars-2/62lv0fe9b3xbqe57f6ljy5upwi7mf6k/httpcore-4.1.jar
7f4cd2d5f000-7f4cd2d63000 r--s 0002f000 08:01 5376287                    /home/ahmed/.gradle/caches/jars-2/gsg5n52frsvw6sx0swqqe2hwijwdcf0/jimfs-1.1.jar
7f4cd2d63000-7f4cd2d64000 r--s 00004000 08:01 5376286                    /home/ahmed/.gradle/caches/jars-2/lxs252id0979odjrerlctkb26c2vj95/annotations-12.0.jar
7f4cd2d64000-7f4cd2d65000 r--s 00004000 08:01 5376285                    /home/ahmed/.gradle/caches/jars-2/9kn99dr0rulyl67sct1ephwcop56l61/asm-analysis-5.0.4.jar
7f4cd2d65000-7f4cd2d69000 r--s 00040000 08:01 5269665                    /home/ahmed/.gradle/caches/jars-2/h4gop7cox40tig0ckkhw1h8hl6tfcwm/lint-api-25.3.0.jar
7f4cd2d69000-7f4cd2d6a000 r--s 0000a000 08:01 5376283                    /home/ahmed/.gradle/caches/jars-2/nwyg9io65lv6jvmwit2wq82xnnxd7ia/kxml2-2.3.0.jar
7f4cd2d6a000-7f4cd2d6c000 r--s 00005000 08:01 5376282                    /home/ahmed/.gradle/caches/jars-2/i6hc1uuj8e9ck59slmzdyz78ydn8sr6/httpmime-4.1.jar
7f4cd2d6c000-7f4cd2d74000 r--s 0004e000 08:01 5376281                    /home/ahmed/.gradle/caches/jars-2/7503wa5irssz0xxahv1xb82p2dl7rr2/httpclient-4.1.1.jar
7f4cd2d74000-7f4cd2d7b000 r--s 00053000 08:01 5376280                    /home/ahmed/.gradle/caches/jars-2/jgkfvs4eqggj7qsyw1f5d3up57hanj1/commons-compress-1.8.1.jar
7f4cd2d7b000-7f4cd2d80000 r--s 0002a000 08:01 5376279                    /home/ahmed/.gradle/caches/jars-2/je8f027qcr1z1egw08byp1ybxbp9kko/gson-2.2.4.jar
7f4cd2d80000-7f4cd2d85000 r--s 0002e000 08:01 5269594                    /home/ahmed/.gradle/caches/jars-2/r6oa1284jnf1g0hjm5fw7l8swldb7ek/repository-25.3.0.jar
7f4cd2d85000-7f4cd2d86000 r--s 00005000 08:01 5269545                    /home/ahmed/.gradle/caches/jars-2/8zf2fyptbgnbanz613fx2c3hoto0539/dvlib-25.3.0.jar
7f4cd2d86000-7f4cd2d89000 r--s 00012000 08:01 5269491                    /home/ahmed/.gradle/caches/jars-2/9uh4197qdwnvuono2myyig8xxy6aqcq/layoutlib-api-25.3.0.jar
7f4cd2d89000-7f4cd2d8e000 r--s 00058000 08:01 5376275                    /home/ahmed/.gradle/caches/jars-2/st159835qgxm0l87oqrnhayxos4lc1n/asm-debug-all-5.0.1.jar
7f4cd2d8e000-7f4cd2d9e000 r--s 000d5000 08:01 5269467                    /home/ahmed/.gradle/caches/jars-2/qzf32gp9kej4w4hlbabft6tplu74cj3/proguard-base-5.3.2.jar
7f4cd2d9e000-7f4cd2da1000 r--s 00033000 08:01 5376273                    /home/ahmed/.gradle/caches/jars-2/nz9sndmr8b4xbj4xulkaciy5kdbyfiz/juniversalchardet-1.0.3.jar
7f4cd2da1000-7f4cd2da5000 r--s 0002a000 08:01 5376272                    /home/ahmed/.gradle/caches/jars-2/krbpn9xjn1qymukyx8cc5l799ty1v3h/commons-io-2.4.jar
7f4cd2da5000-7f4cd2dbc000 r--s 00154000 08:01 5376271                    /home/ahmed/.gradle/caches/jars-2/sfeivjswzitn6n0fnjx3ueszz8gv8o1/antlr4-4.5.3.jar
7f4cd2dbc000-7f4cd2dbe000 r--s 00002000 08:01 5269422                    /home/ahmed/.gradle/caches/jars-2/o6nwvy6at9y5kbpwo6utcclqk98gd99/baseLibrary-2.3.0.jar
7f4cd2dbe000-7f4cd2de9000 r--s 001fc000 08:01 5376294                    /home/ahmed/.gradle/caches/jars-2/nxjrjftly2xksl8o0wqgivu5netfu2x/guava-18.0.jar
7f4cd2de9000-7f4cd2dfc000 r--s 00241000 08:01 5269381                    /home/ahmed/.gradle/caches/jars-2/9yuekvg4qerfitq3xec0iyckuw3hwaq/ecj-4.6.1.jar
7f4cd2dfc000-7f4cd2e03000 r--s 000d9000 08:01 5269329                    /home/ahmed/.gradle/caches/jars-2/aprntsq9xd6l685y4wf1lo3ojhypibs/lint-checks-25.3.0.jar
7f4cd2e03000-7f4cd2e05000 r--s 00006000 08:01 5376267                    /home/ahmed/.gradle/caches/jars-2/6phgj9ki3jl3p5epzkqoo8pr6kur40b/asm-tree-5.0.4.jar
7f4cd2e05000-7f4cd2e38000 r--s 00203000 08:01 5376266                    /home/ahmed/.gradle/caches/jars-2/hj0bfvxu9cq7hkwmecvp0kg137or3hh/bcprov-jdk15on-1.48.jar
7f4cd2e38000-7f4cd2e46000 r--s 00081000 08:01 5376265                    /home/ahmed/.gradle/caches/jars-2/4r7xli0tz94y0wfjrdyjxlxar3g1pb9/bcpkix-jdk15on-1.48.jar
7f4cd2e46000-7f4cd2e48000 r--s 00002000 08:01 5376264                    /home/ahmed/.gradle/caches/jars-2/f32bh5uivuf69ecz2j8hl96ksnqdh7v/javawriter-2.5.0.jar
7f4cd2e48000-7f4cd2e4a000 r--s 00004000 08:01 5269319                    /home/ahmed/.gradle/caches/jars-2/ks5d1mxwh7e42p192ttu3gpechro7qa/tracker-25.3.0.jar
7f4cd2e4a000-7f4cd2e4b000 r--s 00005000 08:01 5269316                    /home/ahmed/.gradle/caches/jars-2/fl4kf4ptr1zzfqcvmz0t9nip0r2xra6/shared-25.3.0.jar
7f4cd2e4b000-7f4cd2e59000 r--s 00147000 08:01 5268615                    /home/ahmed/.gradle/caches/jars-2/kzywuljggjlwzg0mn5daqjrl9hrds10/protos-25.3.0.jar
7f4cd2e59000-7f4cd2e5a000 r--s 00001000 08:01 5265336                    /home/ahmed/.gradle/caches/jars-2/9wceqt3rojnwacgoouxh9g9dkoot2zu/jill-api-0.10.0.jar
7f4cd2e5a000-7f4cd2e5c000 r--s 00003000 08:01 5268221                    /home/ahmed/.gradle/caches/jars-2/hgjtw817h9ckqrqd7wts8rss79wyf2p/jack-api-0.13.0.jar
7f4cd2e5c000-7f4cd2e62000 r--s 0004a000 08:01 5267375                    /home/ahmed/.gradle/caches/jars-2/qdr9c88xakd7sne0hmledt9h4qds2q2/ddmlib-25.3.0.jar
7f4cd2e62000-7f4cd2e65000 r--s 00022000 08:01 5266572                    /home/ahmed/.gradle/caches/jars-2/fsss09xku4j8m0mtb0gif22hmmgqs7i/manifest-merger-25.3.0.jar
7f4cd2e65000-7f4cd2e68000 r--s 0001c000 08:01 5266098                    /home/ahmed/.gradle/caches/jars-2/s9s98vc2jrc4cq452s7phwb2ad5xfkn/common-25.3.0.jar
7f4cd2e68000-7f4cd2e71000 r--s 00089000 08:01 5266097                    /home/ahmed/.gradle/caches/jars-2/965j22khmkpwdgya5fll5pxt21kiz0y/sdk-common-25.3.0.jar
7f4cd2e71000-7f4cd2e7b000 r--s 00097000 08:01 5266052                    /home/ahmed/.gradle/caches/jars-2/2t3glk7v5svadzqcbhq0avch2qk6a9k/sdklib-25.3.0.jar
7f4cd2e7b000-7f4cd2e7c000 r--s 00002000 08:01 5266043                    /home/ahmed/.gradle/caches/jars-2/q53lj97mtvuhn56k5k0vmpi70ln1194/builder-test-api-2.3.0.jar
7f4cd2e7c000-7f4cd2e7f000 r--s 00006000 08:01 5266042                    /home/ahmed/.gradle/caches/jars-2/217rxmwsloonj42ilq94g16c8qou0uv/builder-model-2.3.0.jar
7f4cd2e7f000-7f4cd2e8e000 r--s 00130000 08:01 5266038                    /home/ahmed/.gradle/caches/jars-2/cr6zkqpx14lor9zdtmo49qpc7y8r8p4/protobuf-java-3.0.0.jar
7f4cd2e8e000-7f4cd2e90000 r--s 0000f000 08:01 5376250                    /home/ahmed/.gradle/caches/jars-2/rvfyugrlu5tbpz51p98og0qsxamjq4k/jopt-simple-4.9.jar
7f4cd2e90000-7f4cd2e94000 r--s 0001f000 08:01 5250212                    /home/ahmed/.gradle/caches/jars-2/nq3fzqkrrm37ob61z4iu5qdbh368uat/org.jacoco.report-0.7.5.201505241946.jar
7f4cd2e94000-7f4cd2e98000 r--s 0001d000 08:01 5250204                    /home/ahmed/.gradle/caches/jars-2/3kxkmcckmk40ron92zhbm0qjo9l4bkl/org.jacoco.core-0.7.5.201505241946.jar
7f4cd2e98000-7f4cd2e9a000 r--s 00002000 08:01 5265706                    /home/ahmed/.gradle/caches/jars-2/m4m0pzb4gmaeh0in5g2xc4bxeuwt828/proguard-gradle-5.3.2.jar
7f4cd2e9a000-7f4cd2e9c000 r--s 00009000 08:01 5250199                    /home/ahmed/.gradle/caches/jars-2/ajvcvdu66lc9e3tvvipxtuq48i9bbkc/asm-commons-5.0.4.jar
7f4cd2e9c000-7f4cd2ea1000 r--s 0002c000 08:01 5265447                    /home/ahmed/.gradle/caches/jars-2/3eyaheco65g859qpfsowjbpqi0jh6mf/compilerCommon-2.3.0.jar
7f4cd2ea1000-7f4cd2ea6000 r--s 0005e000 08:01 5265444                    /home/ahmed/.gradle/caches/jars-2/ni16dxztl73a86d25hs3on5ncngkbuy/lint-25.3.0.jar
7f4cd2ea6000-7f4cd2ec4000 r--s 001cb000 08:01 5265414                    /home/ahmed/.gradle/caches/jars-2/8qy5a7i3gbr2s4snxdquaath1tjusie/gradle-core-2.3.0.jar
7f4cd2ec4000-7f4cd30c4000 rw-p 00000000 00:00 0 
7f4cd30c4000-7f4cd32c4000 rw-p 00000000 00:00 0 
7f4cd32c4000-7f4cd32c7000 ---p 00000000 00:00 0 
7f4cd32c7000-7f4cd33c5000 rw-p 00000000 00:00 0 
7f4cd33c5000-7f4cd33c8000 ---p 00000000 00:00 0 
7f4cd33c8000-7f4cd35fe000 rw-p 00000000 00:00 0 
7f4cd35fe000-7f4cd37fe000 rw-p 00000000 00:00 0 
7f4cd37fe000-7f4cd39fe000 rw-p 00000000 00:00 0 
7f4cd39fe000-7f4cd3bfe000 rw-p 00000000 00:00 0 
7f4cd3bfe000-7f4cd3dfe000 rw-p 00000000 00:00 0 
7f4cd3dfe000-7f4cd3e01000 ---p 00000000 00:00 0 
7f4cd3e01000-7f4cd3eff000 rw-p 00000000 00:00 0 
7f4cd3eff000-7f4cd3f02000 ---p 00000000 00:00 0 
7f4cd3f02000-7f4cd4000000 rw-p 00000000 00:00 0 
7f4cd4000000-7f4cd402d000 rw-p 00000000 00:00 0 
7f4cd402d000-7f4cd8000000 ---p 00000000 00:00 0 
7f4cd8000000-7f4cd8002000 r--s 0000c000 08:01 5376249                    /home/ahmed/.gradle/caches/jars-2/1laz1ygmxoc408r7nwqs1q8uk8r236d/asm-5.0.4.jar
7f4cd8002000-7f4cd8003000 r--s 00002000 08:01 5265445                    /home/ahmed/.gradle/caches/jars-2/31jr90v5p5fkd2jflx4pvapkdf35ezu/gradle-api-2.3.0.jar
7f4cd8003000-7f4cd8004000 r--s 00000000 08:01 5265330                    /home/ahmed/.gradle/caches/jars-2/9alwd0ip1x6at9csjhyhihqra39rks9/transform-api-2.0.0-deprecated-use-gradle-api.jar
7f4cd8004000-7f4cd801a000 r--s 00163000 08:01 5265415                    /home/ahmed/.gradle/caches/jars-2/sqf8kc3htrab4fj479mwr3jrji381b7/builder-2.3.0.jar
7f4cd801a000-7f4cd801c000 r--s 0000d000 08:01 5246161                    /home/ahmed/.gradle/caches/jars-2/60bmiis45kdytxtzt10fi483750k8at/gradle-2.3.0.jar
7f4cd801c000-7f4cd801d000 r--p 00000000 00:00 0 
7f4cd801d000-7f4cd8096000 r--s 010e3000 08:01 4079336                    /usr/lib/jvm/java-8-oracle/lib/tools.jar
7f4cd8096000-7f4cd8099000 ---p 00000000 00:00 0 
7f4cd8099000-7f4cd8197000 rw-p 00000000 00:00 0 
7f4cd8197000-7f4cd819a000 ---p 00000000 00:00 0 
7f4cd819a000-7f4cd8498000 rw-p 00000000 00:00 0 
7f4cd8498000-7f4cd849b000 ---p 00000000 00:00 0 
7f4cd849b000-7f4cd8599000 rw-p 00000000 00:00 0 
7f4cd8599000-7f4cd859c000 ---p 00000000 00:00 0 
7f4cd859c000-7f4cd869a000 rw-p 00000000 00:00 0 
7f4cd869a000-7f4cd86a1000 r--s 00000000 08:01 3293569                    /usr/lib/x86_64-linux-gnu/gconv/gconv-modules.cache
7f4cd86a1000-7f4cd88a1000 rw-p 00000000 00:00 0 
7f4cd88a1000-7f4cd88a4000 ---p 00000000 00:00 0 
7f4cd88a4000-7f4cd89a2000 rw-p 00000000 00:00 0 
7f4cd89a2000-7f4cd89a5000 ---p 00000000 00:00 0 
7f4cd89a5000-7f4cd8aa3000 rw-p 00000000 00:00 0 
7f4cd8aa3000-7f4cd8aac000 r-xp 00000000 08:01 3283103                    /usr/lib/jvm/java-8-oracle/jre/lib/amd64/libmanagement.so
7f4cd8aac000-7f4cd8cab000 ---p 00009000 08:01 3283103                    /usr/lib/jvm/java-8-oracle/jre/lib/amd64/libmanagement.so
7f4cd8cab000-7f4cd8cac000 rw-p 00008000 08:01 3283103                    /usr/lib/jvm/java-8-oracle/jre/lib/amd64/libmanagement.so
7f4cd8cac000-7f4cd8cb0000 r--s 00097000 08:01 3149870                    /usr/lib/jvm/java-8-oracle/jre/lib/jsse.jar
7f4cd8cb0000-7f4cd8cb2000 r--s 00007000 08:01 4456627                    /home/ahmed/.gradle/wrapper/dists/gradle-3.3-all/55gk2rcmfc6p2dg9u9ohc3hw9/gradle-3.3/lib/plugins/gradle-tooling-api-builders-3.3.jar
7f4cd8cb2000-7f4cd8cb5000 r--s 00009000 08:01 4456620                    /home/ahmed/.gradle/wrapper/dists/gradle-3.3-all/55gk2rcmfc6p2dg9u9ohc3hw9/gradle-3.3/lib/plugins/gradle-testing-native-3.3.jar
7f4cd8cb5000-7f4cd8cbb000 r--s 00033000 08:01 4456695                    /home/ahmed/.gradle/wrapper/dists/gradle-3.3-all/55gk2rcmfc6p2dg9u9ohc3hw9/gradle-3.3/lib/plugins/snakeyaml-1.6.jar
7f4cd8cbb000-7f4cd8cbd000 r--s 00006000 08:01 4456694                    /home/ahmed/.gradle/wrapper/dists/gradle-3.3-all/55gk2rcmfc6p2dg9u9ohc3hw9/gradle-3.3/lib/plugins/jcommander-1.12.jar
7f4cd8cbd000-7f4cd8cc2000 r--s 00040000 08:01 4456693                    /home/ahmed/.gradle/wrapper/dists/gradle-3.3-all/55gk2rcmfc6p2dg9u9ohc3hw9/gradle-3.3/lib/plugins/bsh-2.0b4.jar
7f4cd8cc2000-7f4cd8cc4000 r--s 00009000 08:01 4456701                    /home/ahmed/.gradle/wrapper/dists/gradle-3.3-all/55gk2rcmfc6p2dg9u9ohc3hw9/gradle-3.3/lib/plugins/hamcrest-core-1.3.jar
7f4cd8cc4000-7f4cd8ccd000 r--s 00089000 08:01 4456652                    /home/ahmed/.gradle/wrapper/dists/gradle-3.3-all/55gk2rcmfc6p2dg9u9ohc3hw9/gradle-3.3/lib/plugins/testng-6.3.1.jar
7f4cd8ccd000-7f4cd8cd5000 r--s 00045000 08:01 4456651                    /home/ahmed/.gradle/wrapper/dists/gradle-3.3-all/55gk2rcmfc6p2dg9u9ohc3hw9/gradle-3.3/lib/plugins/junit-4.12.jar
7f4cd8cd5000-7f4cd8cdb000 r--s 0002e000 08:01 4456621                    /home/ahmed/.gradle/wrapper/dists/gradle-3.3-all/55gk2rcmfc6p2dg9u9ohc3hw9/gradle-3.3/lib/plugins/gradle-testing-jvm-3.3.jar
7f4cd8cdb000-7f4cd8cdf000 r--s 00016000 08:01 4456619                    /home/ahmed/.gradle/wrapper/dists/gradle-3.3-all/55gk2rcmfc6p2dg9u9ohc3hw9/gradle-3.3/lib/plugins/gradle-testing-base-3.3.jar
7f4cd8cdf000-7f4cd8ce6000 r--s 00038000 08:01 4456646                    /home/ahmed/.gradle/wrapper/dists/gradle-3.3-all/55gk2rcmfc6p2dg9u9ohc3hw9/gradle-3.3/lib/plugins/bcpg-jdk15on-1.51.jar
7f4cd8ce6000-7f4cd8ce8000 r--s 0000c000 08:01 4456598                    /home/ahmed/.gradle/wrapper/dists/gradle-3.3-all/55gk2rcmfc6p2dg9u9ohc3hw9/gradle-3.3/lib/plugins/gradle-signing-3.3.jar
7f4cd8ce8000-7f4cd8cea000 r--s 00007000 08:01 4456597                    /home/ahmed/.gradle/wrapper/dists/gradle-3.3-all/55gk2rcmfc6p2dg9u9ohc3hw9/gradle-3.3/lib/plugins/gradle-scala-3.3.jar
7f4cd8cea000-7f4cd8ceb000 r--s 00004000 08:01 4456625                    /home/ahmed/.gradle/wrapper/dists/gradle-3.3-all/55gk2rcmfc6p2dg9u9ohc3hw9/gradle-3.3/lib/plugins/gradle-resources-sftp-3.3.jar
7f4cd8ceb000-7f4cd8cfb000 r--s 00088000 08:01 4456662                    /home/ahmed/.gradle/wrapper/dists/gradle-3.3-all/55gk2rcmfc6p2dg9u9ohc3hw9/gradle-3.3/lib/plugins/joda-time-2.8.2.jar
7f4cd8cfb000-7f4cd8d0c000 r--s 0010d000 08:01 4456661                    /home/ahmed/.gradle/wrapper/dists/gradle-3.3-all/55gk2rcmfc6p2dg9u9ohc3hw9/gradle-3.3/lib/plugins/jackson-databind-2.6.6.jar
7f4cd8d0c000-7f4cd8d0f000 r--s 00009000 08:01 4456660                    /home/ahmed/.gradle/wrapper/dists/gradle-3.3-all/55gk2rcmfc6p2dg9u9ohc3hw9/gradle-3.3/lib/plugins/jackson-annotations-2.6.6.jar
7f4cd8d0f000-7f4cd8d13000 r--s 0003c000 08:01 4456659                    /home/ahmed/.gradle/wrapper/dists/gradle-3.3-all/55gk2rcmfc6p2dg9u9ohc3hw9/gradle-3.3/lib/plugins/jackson-core-2.6.6.jar
7f4cd8d13000-7f4cd8d21000 r--s 00087000 08:01 4456658                    /home/ahmed/.gradle/wrapper/dists/gradle-3.3-all/55gk2rcmfc6p2dg9u9ohc3hw9/gradle-3.3/lib/plugins/aws-java-sdk-core-1.11.6.jar
7f4cd8d21000-7f4cd8d28000 r--s 00057000 08:01 4456657                    /home/ahmed/.gradle/wrapper/dists/gradle-3.3-all/55gk2rcmfc6p2dg9u9ohc3hw9/gradle-3.3/lib/plugins/aws-java-sdk-kms-1.11.6.jar
7f4cd8d28000-7f4cd8d35000 r--s 0008e000 08:01 4456656                    /home/ahmed/.gradle/wrapper/dists/gradle-3.3-all/55gk2rcmfc6p2dg9u9ohc3hw9/gradle-3.3/lib/plugins/aws-java-sdk-s3-1.11.6.jar
7f4cd8d35000-7f4cd8d37000 r--s 00004000 08:01 4456626                    /home/ahmed/.gradle/wrapper/dists/gradle-3.3-all/55gk2rcmfc6p2dg9u9ohc3hw9/gradle-3.3/lib/plugins/gradle-resources-s3-3.3.jar
7f4cd8d37000-7f4cd8d39000 r--s 00005000 08:01 4456650                    /home/ahmed/.gradle/wrapper/dists/gradle-3.3-all/55gk2rcmfc6p2dg9u9ohc3hw9/gradle-3.3/lib/plugins/jatl-0.2.2.jar
7f4cd8d39000-7f4cd8d3b000 r--s 0000f000 08:01 4456603                    /home/ahmed/.gradle/wrapper/dists/gradle-3.3-all/55gk2rcmfc6p2dg9u9ohc3hw9/gradle-3.3/lib/plugins/gradle-reporting-3.3.jar
7f4cd8d3b000-7f4cd8d3d000 r--s 00002000 08:01 4456604                    /home/ahmed/.gradle/wrapper/dists/gradle-3.3-all/55gk2rcmfc6p2dg9u9ohc3hw9/gradle-3.3/lib/plugins/gradle-publish-3.3.jar
7f4cd8d3d000-7f4cd8d3f000 r--s 00009000 08:01 4456633                    /home/ahmed/.gradle/wrapper/dists/gradle-3.3-all/55gk2rcmfc6p2dg9u9ohc3hw9/gradle-3.3/lib/plugins/commons-cli-1.2.jar
7f4cd8d3f000-7f4cd8d45000 r--s 00031000 08:01 4456589                    /home/ahmed/.gradle/wrapper/dists/gradle-3.3-all/55gk2rcmfc6p2dg9u9ohc3hw9/gradle-3.3/lib/plugins/gradle-plugins-3.3.jar
7f4cd8d45000-7f4cd8d47000 r--s 00009000 08:01 4456622                    /home/ahmed/.gradle/wrapper/dists/gradle-3.3-all/55gk2rcmfc6p2dg9u9ohc3hw9/gradle-3.3/lib/plugins/gradle-plugin-development-3.3.jar
7f4cd8d47000-7f4cd8d4d000 r--s 0002b000 08:01 4456615                    /home/ahmed/.gradle/wrapper/dists/gradle-3.3-all/55gk2rcmfc6p2dg9u9ohc3hw9/gradle-3.3/lib/plugins/gradle-platform-play-3.3.jar
7f4cd8d4d000-7f4cd8d5b000 r--s 00055000 08:01 4456614                    /home/ahmed/.gradle/wrapper/dists/gradle-3.3-all/55gk2rcmfc6p2dg9u9ohc3hw9/gradle-3.3/lib/plugins/gradle-platform-native-3.3.jar
7f4cd8d5b000-7f4cd8d60000 r--s 0001f000 08:01 4456609                    /home/ahmed/.gradle/wrapper/dists/gradle-3.3-all/55gk2rcmfc6p2dg9u9ohc3hw9/gradle-3.3/lib/plugins/gradle-platform-jvm-3.3.jar
7f4cd8d60000-7f4cd8d68000 r--s 00027000 08:01 4456608                    /home/ahmed/.gradle/wrapper/dists/gradle-3.3-all/55gk2rcmfc6p2dg9u9ohc3hw9/gradle-3.3/lib/plugins/gradle-platform-base-3.3.jar
7f4cd8d68000-7f4cd8d90000 r--s 0021c000 08:01 4456641                    /home/ahmed/.gradle/wrapper/dists/gradle-3.3-all/55gk2rcmfc6p2dg9u9ohc3hw9/gradle-3.3/lib/plugins/biz.aQute.bndlib-3.2.0.jar
7f4cd8d90000-7f4cd8d92000 r--s 00003000 08:01 4456593                    /home/ahmed/.gradle/wrapper/dists/gradle-3.3-all/55gk2rcmfc6p2dg9u9ohc3hw9/gradle-3.3/lib/plugins/gradle-osgi-3.3.jar
7f4cd8d92000-7f4cd8d95000 r--s 0000c000 08:01 4456644                    /home/ahmed/.gradle/wrapper/dists/gradle-3.3-all/55gk2rcmfc6p2dg9u9ohc3hw9/gradle-3.3/lib/plugins/pmaven-groovy-0.8-20100325.jar
7f4cd8d95000-7f4cd8d96000 r--s 00004000 08:01 4456643                    /home/ahmed/.gradle/wrapper/dists/gradle-3.3-all/55gk2rcmfc6p2dg9u9ohc3hw9/gradle-3.3/lib/plugins/pmaven-common-0.8-20100325.jar
7f4cd8d96000-7f4cd8d9c000 r--s 00023000 08:01 4456594                    /home/ahmed/.gradle/wrapper/dists/gradle-3.3-all/55gk2rcmfc6p2dg9u9ohc3hw9/gradle-3.3/lib/plugins/gradle-maven-3.3.jar
7f4cd8d9c000-7f4cd8d9f000 r--s 0000b000 08:01 4456613                    /home/ahmed/.gradle/wrapper/dists/gradle-3.3-all/55gk2rcmfc6p2dg9u9ohc3hw9/gradle-3.3/lib/plugins/gradle-language-scala-3.3.jar
7f4cd8d9f000-7f4cd8da5000 r--s 0001a000 08:01 4456617                    /home/ahmed/.gradle/wrapper/dists/gradle-3.3-all/55gk2rcmfc6p2dg9u9ohc3hw9/gradle-3.3/lib/plugins/gradle-language-native-3.3.jar
7f4cd8da5000-7f4cd8da8000 r--s 00005000 08:01 4456610                    /home/ahmed/.gradle/wrapper/dists/gradle-3.3-all/55gk2rcmfc6p2dg9u9ohc3hw9/gradle-3.3/lib/plugins/gradle-language-jvm-3.3.jar
7f4cd8da8000-7f4cd8dae000 r--s 00027000 08:01 4456611                    /home/ahmed/.gradle/wrapper/dists/gradle-3.3-all/55gk2rcmfc6p2dg9u9ohc3hw9/gradle-3.3/lib/plugins/gradle-language-java-3.3.jar
7f4cd8dae000-7f4cd8db0000 r--s 0000a000 08:01 4456612                    /home/ahmed/.gradle/wrapper/dists/gradle-3.3-all/55gk2rcmfc6p2dg9u9ohc3hw9/gradle-3.3/lib/plugins/gradle-language-groovy-3.3.jar
7f4cd8db0000-7f4cd8db3000 r--s 0001e000 08:01 4456668                    /home/ahmed/.gradle/wrapper/dists/gradle-3.3-all/55gk2rcmfc6p2dg9u9ohc3hw9/gradle-3.3/lib/plugins/jsp-api-2.1-6.1.14.jar
7f4cd8db3000-7f4cd8dd6000 r--s 00344000 08:01 4456667                    /home/ahmed/.gradle/wrapper/dists/gradle-3.3-all/55gk2rcmfc6p2dg9u9ohc3hw9/gradle-3.3/lib/plugins/core-3.1.1.jar
7f4cd8dd6000-7f4cd8dd7000 r--s 00006000 08:01 4456666                    /home/ahmed/.gradle/wrapper/dists/gradle-3.3-all/55gk2rcmfc6p2dg9u9ohc3hw9/gradle-3.3/lib/plugins/jetty-naming-6.1.26.jar
7f4cd8dd7000-7f4cd8dd8000 r--s 00002000 08:01 4456640                    /home/ahmed/.gradle/wrapper/dists/gradle-3.3-all/55gk2rcmfc6p2dg9u9ohc3hw9/gradle-3.3/lib/plugins/geronimo-annotation_1.0_spec-1.0.jar
7f4cd8dd8000-7f4cd8dda000 r--s 00002000 08:01 4456639                    /home/ahmed/.gradle/wrapper/dists/gradle-3.3-all/55gk2rcmfc6p2dg9u9ohc3hw9/gradle-3.3/lib/plugins/jetty-annotations-6.1.26.jar
7f4cd8dda000-7f4cd8deb000 r--s 000ea000 08:01 4456638                    /home/ahmed/.gradle/wrapper/dists/gradle-3.3-all/55gk2rcmfc6p2dg9u9ohc3hw9/gradle-3.3/lib/plugins/jsp-2.1-6.1.14.jar
7f4cd8deb000-7f4cd8ded000 r--s 0000d000 08:01 4456637                    /home/ahmed/.gradle/wrapper/dists/gradle-3.3-all/55gk2rcmfc6p2dg9u9ohc3hw9/gradle-3.3/lib/plugins/jetty-plus-6.1.26.jar
7f4cd8ded000-7f4cd8def000 r--s 0001f000 08:01 4456636                    /home/ahmed/.gradle/wrapper/dists/gradle-3.3-all/55gk2rcmfc6p2dg9u9ohc3hw9/gradle-3.3/lib/plugins/servlet-api-2.5-20081211.jar
7f4cd8def000-7f4cd8df3000 r--s 00028000 08:01 4456635                    /home/ahmed/.gradle/wrapper/dists/gradle-3.3-all/55gk2rcmfc6p2dg9u9ohc3hw9/gradle-3.3/lib/plugins/jetty-util-6.1.26.jar
7f4cd8df3000-7f4cd8dfa000 r--s 0007d000 08:01 4456634                    /home/ahmed/.gradle/wrapper/dists/gradle-3.3-all/55gk2rcmfc6p2dg9u9ohc3hw9/gradle-3.3/lib/plugins/jetty-6.1.26.jar
7f4cd8dfa000-7f4cd8dfc000 r--s 0000a000 08:01 4456591                    /home/ahmed/.gradle/wrapper/dists/gradle-3.3-all/55gk2rcmfc6p2dg9u9ohc3hw9/gradle-3.3/lib/plugins/gradle-jetty-3.3.jar
7f4cd8dfc000-7f4cd8e03000 r--s 00035000 08:01 4456649                    /home/ahmed/.gradle/wrapper/dists/gradle-3.3-all/55gk2rcmfc6p2dg9u9ohc3hw9/gradle-3.3/lib/plugins/simple-4.1.21.jar
7f4cd8e03000-7f4cd8e0f000 r--s 00100000 08:01 4456647                    /home/ahmed/.gradle/wrapper/dists/gradle-3.3-all/55gk2rcmfc6p2dg9u9ohc3hw9/gradle-3.3/lib/plugins/rhino-1.7R3.jar
7f4cd8e0f000-7f4cd8e13000 r--s 00012000 08:01 4456600                    /home/ahmed/.gradle/wrapper/dists/gradle-3.3-all/55gk2rcmfc6p2dg9u9ohc3hw9/gradle-3.3/lib/plugins/gradle-javascript-3.3.jar
7f4cd8e13000-7f4cd8e15000 r--s 0000d000 08:01 4456606                    /home/ahmed/.gradle/wrapper/dists/gradle-3.3-all/55gk2rcmfc6p2dg9u9ohc3hw9/gradle-3.3/lib/plugins/gradle-jacoco-3.3.jar
7f4cd8e15000-7f4cd8e18000 r--s 0000e000 08:01 4456605                    /home/ahmed/.gradle/wrapper/dists/gradle-3.3-all/55gk2rcmfc6p2dg9u9ohc3hw9/gradle-3.3/lib/plugins/gradle-ivy-3.3.jar
7f4cd8e18000-7f4cd8e19000 r--s 00002000 08:01 4456616                    /home/ahmed/.gradle/wrapper/dists/gradle-3.3-all/55gk2rcmfc6p2dg9u9ohc3hw9/gradle-3.3/lib/plugins/gradle-ide-play-3.3.jar
7f4cd8e19000-7f4cd8e1c000 r--s 00013000 08:01 4456618                    /home/ahmed/.gradle/wrapper/dists/gradle-3.3-all/55gk2rcmfc6p2dg9u9ohc3hw9/gradle-3.3/lib/plugins/gradle-ide-native-3.3.jar
7f4cd8e1c000-7f4cd8e25000 r--s 00055000 08:01 4456595                    /home/ahmed/.gradle/wrapper/dists/gradle-3.3-all/55gk2rcmfc6p2dg9u9ohc3hw9/gradle-3.3/lib/plugins/gradle-ide-3.3.jar
7f4cd8e25000-7f4cd8e27000 r--s 00007000 08:01 4456599                    /home/ahmed/.gradle/wrapper/dists/gradle-3.3-all/55gk2rcmfc6p2dg9u9ohc3hw9/gradle-3.3/lib/plugins/gradle-ear-3.3.jar
7f4cd8e27000-7f4cd8e2d000 r--s 00039000 08:01 4456602                    /home/ahmed/.gradle/wrapper/dists/gradle-3.3-all/55gk2rcmfc6p2dg9u9ohc3hw9/gradle-3.3/lib/plugins/gradle-diagnostics-3.3.jar
7f4cd8e2d000-7f4cd8e2e000 r--s 00009000 08:01 4456628                    /home/ahmed/.gradle/wrapper/dists/gradle-3.3-all/55gk2rcmfc6p2dg9u9ohc3hw9/gradle-3.3/lib/plugins/gradle-composite-builds-3.3.jar
7f4cd8e2e000-7f4cd8e32000 r--s 00023000 08:01 4456590                    /home/ahmed/.gradle/wrapper/dists/gradle-3.3-all/55gk2rcmfc6p2dg9u9ohc3hw9/gradle-3.3/lib/plugins/gradle-code-quality-3.3.jar
7f4cd8e32000-7f4cd8e36000 r--s 00022000 08:01 4456607                    /home/ahmed/.gradle/wrapper/dists/gradle-3.3-all/55gk2rcmfc6p2dg9u9ohc3hw9/gradle-3.3/lib/plugins/gradle-build-init-3.3.jar
7f4cd8e36000-7f4cd8e3c000 r--s 0008e000 08:01 4456601                    /home/ahmed/.gradle/wrapper/dists/gradle-3.3-all/55gk2rcmfc6p2dg9u9ohc3hw9/gradle-3.3/lib/plugins/gradle-build-comparison-3.3.jar
7f4cd8e3c000-7f4cd8e3d000 r--s 00001000 08:01 4456629                    /home/ahmed/.gradle/wrapper/dists/gradle-3.3-all/55gk2rcmfc6p2dg9u9ohc3hw9/gradle-3.3/lib/plugins/gradle-build-cache-http-3.3.jar
7f4cd8e3d000-7f4cd8e3f000 r--s 00008000 08:01 4456592                    /home/ahmed/.gradle/wrapper/dists/gradle-3.3-all/55gk2rcmfc6p2dg9u9ohc3hw9/gradle-3.3/lib/plugins/gradle-antlr-3.3.jar
7f4cd8e3f000-7f4cd8e41000 r--s 00004000 08:01 4456596                    /home/ahmed/.gradle/wrapper/dists/gradle-3.3-all/55gk2rcmfc6p2dg9u9ohc3hw9/gradle-3.3/lib/plugins/gradle-announce-3.3.jar
7f4cd8e41000-7f4cd8e59000 r--s 00115000 08:01 4456698                    /home/ahmed/.gradle/wrapper/dists/gradle-3.3-all/55gk2rcmfc6p2dg9u9ohc3hw9/gradle-3.3/lib/plugins/xercesImpl-2.9.1.jar
7f4cd8e59000-7f4cd8e61000 r--s 00028000 08:01 4456699                    /home/ahmed/.gradle/wrapper/dists/gradle-3.3-all/55gk2rcmfc6p2dg9u9ohc3hw9/gradle-3.3/lib/plugins/xml-apis-1.3.04.jar
7f4cd8e61000-7f4cd8e67000 r--s 0005b000 08:01 4456697                    /home/ahmed/.gradle/wrapper/dists/gradle-3.3-all/55gk2rcmfc6p2dg9u9ohc3hw9/gradle-3.3/lib/plugins/jcifs-1.3.17.jar
7f4cd8e67000-7f4cd8e6d000 r--s 00033000 08:01 4456645                    /home/ahmed/.gradle/wrapper/dists/gradle-3.3-all/55gk2rcmfc6p2dg9u9ohc3hw9/gradle-3.3/lib/plugins/commons-codec-1.6.jar
7f4cd8e6d000-7f4cd8e74000 r--s 00049000 08:01 4456696                    /home/ahmed/.gradle/wrapper/dists/gradle-3.3-all/55gk2rcmfc6p2dg9u9ohc3hw9/gradle-3.3/lib/plugins/httpcore-4.4.4.jar
7f4cd8e74000-7f4cd8e77000 r--s 0001c000 08:01 4456654                    /home/ahmed/.gradle/wrapper/dists/gradle-3.3-all/55gk2rcmfc6p2dg9u9ohc3hw9/gradle-3.3/lib/plugins/nekohtml-1.9.14.jar
7f4cd8e77000-7f4cd8e84000 r--s 000a4000 08:01 4456653                    /home/ahmed/.gradle/wrapper/dists/gradle-3.3-all/55gk2rcmfc6p2dg9u9ohc3hw9/gradle-3.3/lib/plugins/httpclient-4.4.1.jar
7f4cd8e84000-7f4cd8e87000 r--s 0000a000 08:01 4456624                    /home/ahmed/.gradle/wrapper/dists/gradle-3.3-all/55gk2rcmfc6p2dg9u9ohc3hw9/gradle-3.3/lib/plugins/gradle-resources-http-3.3.jar
7f4cd8e87000-7f4cd8e8b000 r--s 00015000 08:01 4456623                    /home/ahmed/.gradle/wrapper/dists/gradle-3.3-all/55gk2rcmfc6p2dg9u9ohc3hw9/gradle-3.3/lib/plugins/gradle-plugin-use-3.3.jar
7f4cd8e8b000-7f4cd8e8c000 r--s 00000000 08:01 4456536                    /home/ahmed/.gradle/wrapper/dists/gradle-3.3-all/55gk2rcmfc6p2dg9u9ohc3hw9/gradle-3.3/lib/gradle-installation-beacon-3.3.jar
7f4cd8e8c000-7f4cd8e8e000 r--s 00006000 08:01 4456692                    /home/ahmed/.gradle/wrapper/dists/gradle-3.3-all/55gk2rcmfc6p2dg9u9ohc3hw9/gradle-3.3/lib/plugins/aether-connector-wagon-1.13.1.jar
7f4cd8e8e000-7f4cd8e92000 r--s 0001c000 08:01 4456691                    /home/ahmed/.gradle/wrapper/dists/gradle-3.3-all/55gk2rcmfc6p2dg9u9ohc3hw9/gradle-3.3/lib/plugins/aether-util-1.13.1.jar
7f4cd8e92000-7f4cd8e93000 r--s 00003000 08:01 4456690                    /home/ahmed/.gradle/wrapper/dists/gradle-3.3-all/55gk2rcmfc6p2dg9u9ohc3hw9/gradle-3.3/lib/plugins/aether-spi-1.13.1.jar
7f4cd8e93000-7f4cd8e96000 r--s 0001d000 08:01 4456689                    /home/ahmed/.gradle/wrapper/dists/gradle-3.3-all/55gk2rcmfc6p2dg9u9ohc3hw9/gradle-3.3/lib/plugins/aether-impl-1.13.1.jar
7f4cd8e96000-7f4cd8e99000 r--s 00013000 08:01 4456688                    /home/ahmed/.gradle/wrapper/dists/gradle-3.3-all/55gk2rcmfc6p2dg9u9ohc3hw9/gradle-3.3/lib/plugins/aether-api-1.13.1.jar
7f4cd8e99000-7f4cd8e9a000 r--s 00007000 08:01 4456687                    /home/ahmed/.gradle/wrapper/dists/gradle-3.3-all/55gk2rcmfc6p2dg9u9ohc3hw9/gradle-3.3/lib/plugins/wagon-http-shared4-2.4.jar
7f4cd8e9a000-7f4cd8e9c000 r--s 0000b000 08:01 4456686                    /home/ahmed/.gradle/wrapper/dists/gradle-3.3-all/55gk2rcmfc6p2dg9u9ohc3hw9/gradle-3.3/lib/plugins/wagon-provider-api-2.4.jar
7f4cd8e9c000-7f4cd8e9d000 r--s 00002000 08:01 4456685                    /home/ahmed/.gradle/wrapper/dists/gradle-3.3-all/55gk2rcmfc6p2dg9u9ohc3hw9/gradle-3.3/lib/plugins/wagon-http-2.4.jar
7f4cd8e9d000-7f4cd8e9e000 r--s 00002000 08:01 4456684                    /home/ahmed/.gradle/wrapper/dists/gradle-3.3-all/55gk2rcmfc6p2dg9u9ohc3hw9/gradle-3.3/lib/plugins/wagon-file-2.4.jar
7f4cd8e9e000-7f4cd8ea0000 r--s 0000c000 08:01 4456683                    /home/ahmed/.gradle/wrapper/dists/gradle-3.3-all/55gk2rcmfc6p2dg9u9ohc3hw9/gradle-3.3/lib/plugins/maven-aether-provider-3.0.4.jar
7f4cd8ea0000-7f4cd8ea2000 r--s 0000b000 08:01 4456682                    /home/ahmed/.gradle/wrapper/dists/gradle-3.3-all/55gk2rcmfc6p2dg9u9ohc3hw9/gradle-3.3/lib/plugins/maven-plugin-api-3.0.4.jar
7f4cd8ea2000-7f4cd8ea4000 r--s 00006000 08:01 4456681                    /home/ahmed/.gradle/wrapper/dists/gradle-3.3-all/55gk2rcmfc6p2dg9u9ohc3hw9/gradle-3.3/lib/plugins/maven-repository-metadata-3.0.4.jar
7f4cd8ea4000-7f4cd8ea6000 r--s 0000b000 08:01 4456680                    /home/ahmed/.gradle/wrapper/dists/gradle-3.3-all/55gk2rcmfc6p2dg9u9ohc3hw9/gradle-3.3/lib/plugins/maven-artifact-3.0.4.jar
7f4cd8ea6000-7f4cd8ea8000 r--s 00026000 08:01 4456679                    /home/ahmed/.gradle/wrapper/dists/gradle-3.3-all/55gk2rcmfc6p2dg9u9ohc3hw9/gradle-3.3/lib/plugins/maven-model-3.0.4.jar
7f4cd8ea8000-7f4cd8eac000 r--s 00021000 08:01 4456678                    /home/ahmed/.gradle/wrapper/dists/gradle-3.3-all/55gk2rcmfc6p2dg9u9ohc3hw9/gradle-3.3/lib/plugins/maven-model-builder-3.0.4.jar
7f4cd8eac000-7f4cd8eb2000 r--s 0003f000 08:01 4456677                    /home/ahmed/.gradle/wrapper/dists/gradle-3.3-all/55gk2rcmfc6p2dg9u9ohc3hw9/gradle-3.3/lib/plugins/maven-compat-3.0.4.jar
7f4cd8eb2000-7f4cd8eb4000 r--s 00002000 08:01 4456675                    /home/ahmed/.gradle/wrapper/dists/gradle-3.3-all/55gk2rcmfc6p2dg9u9ohc3hw9/gradle-3.3/lib/plugins/plexus-cipher-1.7.jar
7f4cd8eb4000-7f4cd8eb6000 r--s 0000a000 08:01 4456674                    /home/ahmed/.gradle/wrapper/dists/gradle-3.3-all/55gk2rcmfc6p2dg9u9ohc3hw9/gradle-3.3/lib/plugins/plexus-classworlds-2.4.jar
7f4cd8eb6000-7f4cd8ebd000 r--s 0002e000 08:01 4456673                    /home/ahmed/.gradle/wrapper/dists/gradle-3.3-all/55gk2rcmfc6p2dg9u9ohc3hw9/gradle-3.3/lib/plugins/plexus-container-default-1.5.5.jar
7f4cd8ebd000-7f4cd8ebf000 r--s 00000000 08:01 4456700                    /home/ahmed/.gradle/wrapper/dists/gradle-3.3-all/55gk2rcmfc6p2dg9u9ohc3hw9/gradle-3.3/lib/plugins/plexus-component-annotations-1.5.5.jar
7f4cd8ebf000-7f4cd8ec1000 r--s 0000d000 08:01 4456672                    /home/ahmed/.gradle/wrapper/dists/gradle-3.3-all/55gk2rcmfc6p2dg9u9ohc3hw9/gradle-3.3/lib/plugins/plexus-interpolation-1.14.jar
7f4cd8ec1000-7f4cd8ec5000 r--s 00033000 08:01 4456671                    /home/ahmed/.gradle/wrapper/dists/gradle-3.3-all/55gk2rcmfc6p2dg9u9ohc3hw9/gradle-3.3/lib/plugins/plexus-utils-2.0.6.jar
7f4cd8ec5000-7f4cd8ec8000 r--s 00008000 08:01 4456670                    /home/ahmed/.gradle/wrapper/dists/gradle-3.3-all/55gk2rcmfc6p2dg9u9ohc3hw9/gradle-3.3/lib/plugins/maven-settings-builder-3.0.4.jar
7f4cd8ec8000-7f4cd8ecd000 r--s 00040000 08:01 4456655                    /home/ahmed/.gradle/wrapper/dists/gradle-3.3-all/55gk2rcmfc6p2dg9u9ohc3hw9/gradle-3.3/lib/plugins/jsch-0.1.53.jar
7f4cd8ecd000-7f4cd8f0d000 r--s 00277000 08:01 4456665                    /home/ahmed/.gradle/wrapper/dists/gradle-3.3-all/55gk2rcmfc6p2dg9u9ohc3hw9/gradle-3.3/lib/plugins/bcprov-jdk15on-1.51.jar
7f4cd8f0d000-7f4cd8f11000 r--s 0001d000 08:01 4456664                    /home/ahmed/.gradle/wrapper/dists/gradle-3.3-all/55gk2rcmfc6p2dg9u9ohc3hw9/gradle-3.3/lib/plugins/xbean-reflect-3.4.jar
7f4cd8f11000-7f4cd8f1d000 r--s 0007d000 08:01 4456642                    /home/ahmed/.gradle/wrapper/dists/gradle-3.3-all/55gk2rcmfc6p2dg9u9ohc3hw9/gradle-3.3/lib/plugins/maven-core-3.0.4.jar
7f4cd8f1d000-7f4cd8f2c000 r--s 000d9000 08:01 4456663                    /home/ahmed/.gradle/wrapper/dists/gradle-3.3-all/55gk2rcmfc6p2dg9u9ohc3hw9/gradle-3.3/lib/plugins/ivy-2.2.0.jar
7f4cd8f2c000-7f4cd8f42000 r-xp 00000000 08:01 7996426                    /lib/x86_64-linux-gnu/libgcc_s.so.1
7f4cd8f42000-7f4cd9141000 ---p 00016000 08:01 7996426                    /lib/x86_64-linux-gnu/libgcc_s.so.1
7f4cd9141000-7f4cd9142000 rw-p 00015000 08:01 7996426                    /lib/x86_64-linux-gnu/libgcc_s.so.1
7f4cd9142000-7f4cd92b4000 r-xp 00000000 08:01 2892555                    /usr/lib/x86_64-linux-gnu/libstdc++.so.6.0.21
7f4cd92b4000-7f4cd94b4000 ---p 00172000 08:01 2892555                    /usr/lib/x86_64-linux-gnu/libstdc++.so.6.0.21
7f4cd94b4000-7f4cd94be000 r--p 00172000 08:01 2892555                    /usr/lib/x86_64-linux-gnu/libstdc++.so.6.0.21
7f4cd94be000-7f4cd94c0000 rw-p 0017c000 08:01 2892555                    /usr/lib/x86_64-linux-gnu/libstdc++.so.6.0.21
7f4cd94c0000-7f4cd94c4000 rw-p 00000000 00:00 0 
7f4cd94c4000-7f4cd94c5000 r--s 00006000 08:01 4456676                    /home/ahmed/.gradle/wrapper/dists/gradle-3.3-all/55gk2rcmfc6p2dg9u9ohc3hw9/gradle-3.3/lib/plugins/plexus-sec-dispatcher-1.3.jar
7f4cd94c5000-7f4cd94c7000 r--s 0000a000 08:01 4456669                    /home/ahmed/.gradle/wrapper/dists/gradle-3.3-all/55gk2rcmfc6p2dg9u9ohc3hw9/gradle-3.3/lib/plugins/maven-settings-3.0.4.jar
7f4cd94c7000-7f4cd94cc000 r--s 00034000 08:01 4456648                    /home/ahmed/.gradle/wrapper/dists/gradle-3.3-all/55gk2rcmfc6p2dg9u9ohc3hw9/gradle-3.3/lib/plugins/gson-2.7.jar
7f4cd94cc000-7f4cd94eb000 r--s 000f6000 08:01 4456631                    /home/ahmed/.gradle/wrapper/dists/gradle-3.3-all/55gk2rcmfc6p2dg9u9ohc3hw9/gradle-3.3/lib/plugins/gradle-dependency-management-3.3.jar
7f4cd94eb000-7f4cd94ed000 r--s 00005000 08:01 4456630                    /home/ahmed/.gradle/wrapper/dists/gradle-3.3-all/55gk2rcmfc6p2dg9u9ohc3hw9/gradle-3.3/lib/plugins/gradle-workers-3.3.jar
7f4cd94ed000-7f4cd94f2000 r-xp 00000000 08:01 4597518                    /home/ahmed/.gradle/native/23/linux-amd64/libnative-platform.so
7f4cd94f2000-7f4cd96f1000 ---p 00005000 08:01 4597518                    /home/ahmed/.gradle/native/23/linux-amd64/libnative-platform.so
7f4cd96f1000-7f4cd96f2000 rw-p 00004000 08:01 4597518                    /home/ahmed/.gradle/native/23/linux-amd64/libnative-platform.so
7f4cd96f2000-7f4cd9703000 r-xp 00000000 08:01 3283155                    /usr/lib/jvm/java-8-oracle/jre/lib/amd64/libnio.so
7f4cd9703000-7f4cd9902000 ---p 00011000 08:01 3283155                    /usr/lib/jvm/java-8-oracle/jre/lib/amd64/libnio.so
7f4cd9902000-7f4cd9903000 rw-p 00010000 08:01 3283155                    /usr/lib/jvm/java-8-oracle/jre/lib/amd64/libnio.so
7f4cd9903000-7f4cd9c04000 rw-p 00000000 00:00 0 
7f4cd9c04000-7f4cd9c1a000 r-xp 00000000 08:01 3284680                    /usr/lib/jvm/java-8-oracle/jre/lib/amd64/libnet.so
7f4cd9c1a000-7f4cd9e1a000 ---p 00016000 08:01 3284680                    /usr/lib/jvm/java-8-oracle/jre/lib/amd64/libnet.so
7f4cd9e1a000-7f4cd9e1b000 rw-p 00016000 08:01 3284680                    /usr/lib/jvm/java-8-oracle/jre/lib/amd64/libnet.so
7f4cd9e1b000-7f4cd9e1c000 r--s 00006000 08:01 4456535                    /home/ahmed/.gradle/wrapper/dists/gradle-3.3-all/55gk2rcmfc6p2dg9u9ohc3hw9/gradle-3.3/lib/gradle-wrapper-3.3.jar
7f4cd9e1c000-7f4cd9e29000 r--s 00041000 08:01 4456542                    /home/ahmed/.gradle/wrapper/dists/gradle-3.3-all/55gk2rcmfc6p2dg9u9ohc3hw9/gradle-3.3/lib/gradle-tooling-api-3.3.jar
7f4cd9e29000-7f4cd9e2b000 r--s 00002000 08:01 4456562                    /home/ahmed/.gradle/wrapper/dists/gradle-3.3-all/55gk2rcmfc6p2dg9u9ohc3hw9/gradle-3.3/lib/gradle-open-api-3.3.jar
7f4cd9e2b000-7f4cd9e31000 r--s 00032000 08:01 4456564                    /home/ahmed/.gradle/wrapper/dists/gradle-3.3-all/55gk2rcmfc6p2dg9u9ohc3hw9/gradle-3.3/lib/jaxen-1.1.jar
7f4cd9e31000-7f4cd9e36000 r--s 00048000 08:01 4456563                    /home/ahmed/.gradle/wrapper/dists/gradle-3.3-all/55gk2rcmfc6p2dg9u9ohc3hw9/gradle-3.3/lib/dom4j-1.6.1.jar
7f4cd9e36000-7f4cd9e41000 r--s 00059000 08:01 4456541                    /home/ahmed/.gradle/wrapper/dists/gradle-3.3-all/55gk2rcmfc6p2dg9u9ohc3hw9/gradle-3.3/lib/gradle-ui-3.3.jar
7f4cd9e41000-7f4cd9e4a000 r--s 0008c000 08:01 4456533                    /home/ahmed/.gradle/wrapper/dists/gradle-3.3-all/55gk2rcmfc6p2dg9u9ohc3hw9/gradle-3.3/lib/kotlin-stdlib-1.1-M02.jar
7f4cd9e4a000-7f4cd9e50000 r--s 0002a000 08:01 4456532                    /home/ahmed/.gradle/wrapper/dists/gradle-3.3-all/55gk2rcmfc6p2dg9u9ohc3hw9/gradle-3.3/lib/kotlin-runtime-1.1-M02.jar
7f4cd9e50000-7f4cd9e84000 r--s 00256000 08:01 4456531                    /home/ahmed/.gradle/wrapper/dists/gradle-3.3-all/55gk2rcmfc6p2dg9u9ohc3hw9/gradle-3.3/lib/kotlin-reflect-1.1-M02.jar
7f4cd9e84000-7f4cda01a000 r--s 0157e000 08:01 4456530                    /home/ahmed/.gradle/wrapper/dists/gradle-3.3-all/55gk2rcmfc6p2dg9u9ohc3hw9/gradle-3.3/lib/kotlin-compiler-embeddable-1.1-M02.jar
7f4cda01a000-7f4cda022000 r--s 0004e000 08:01 4456529                    /home/ahmed/.gradle/wrapper/dists/gradle-3.3-all/55gk2rcmfc6p2dg9u9ohc3hw9/gradle-3.3/lib/gradle-script-kotlin-0.5.1.jar
7f4cda022000-7f4cda025000 r--s 0000b000 08:01 4456560                    /home/ahmed/.gradle/wrapper/dists/gradle-3.3-all/55gk2rcmfc6p2dg9u9ohc3hw9/gradle-3.3/lib/gradle-resources-3.3.jar
7f4cda025000-7f4cda027000 r--s 00003000 08:01 4456569                    /home/ahmed/.gradle/wrapper/dists/gradle-3.3-all/55gk2rcmfc6p2dg9u9ohc3hw9/gradle-3.3/lib/jcl-over-slf4j-1.7.10.jar
7f4cda027000-7f4cda028000 r--s 00005000 08:01 4456568                    /home/ahmed/.gradle/wrapper/dists/gradle-3.3-all/55gk2rcmfc6p2dg9u9ohc3hw9/gradle-3.3/lib/log4j-over-slf4j-1.7.10.jar
7f4cda028000-7f4cda02a000 r--s 00000000 08:01 4456567                    /home/ahmed/.gradle/wrapper/dists/gradle-3.3-all/55gk2rcmfc6p2dg9u9ohc3hw9/gradle-3.3/lib/jul-to-slf4j-1.7.10.jar
7f4cda02a000-7f4cda02f000 r--s 0001e000 08:01 4456544                    /home/ahmed/.gradle/wrapper/dists/gradle-3.3-all/55gk2rcmfc6p2dg9u9ohc3hw9/gradle-3.3/lib/gradle-logging-3.3.jar
7f4cda02f000-7f4cda031000 r--s 00007000 08:01 4456588                    /home/ahmed/.gradle/wrapper/dists/gradle-3.3-all/55gk2rcmfc6p2dg9u9ohc3hw9/gradle-3.3/lib/objenesis-1.2.jar
7f4cda031000-7f4cda033000 r--s 00000000 08:01 4456587                    /home/ahmed/.gradle/wrapper/dists/gradle-3.3-all/55gk2rcmfc6p2dg9u9ohc3hw9/gradle-3.3/lib/minlog-1.2.jar
7f4cda033000-7f4cda035000 r--s 0000f000 08:01 4456586                    /home/ahmed/.gradle/wrapper/dists/gradle-3.3-all/55gk2rcmfc6p2dg9u9ohc3hw9/gradle-3.3/lib/reflectasm-1.07-shaded.jar
7f4cda035000-7f4cda039000 r--s 00026000 08:01 4456571                    /home/ahmed/.gradle/wrapper/dists/gradle-3.3-all/55gk2rcmfc6p2dg9u9ohc3hw9/gradle-3.3/lib/kryo-2.20.jar
7f4cda039000-7f4cda03f000 r--s 00027000 08:01 4456559                    /home/ahmed/.gradle/wrapper/dists/gradle-3.3-all/55gk2rcmfc6p2dg9u9ohc3hw9/gradle-3.3/lib/gradle-messaging-3.3.jar
7f4cda03f000-7f4cda040000 r--s 00001000 08:01 4456585                    /home/ahmed/.gradle/wrapper/dists/gradle-3.3-all/55gk2rcmfc6p2dg9u9ohc3hw9/gradle-3.3/lib/native-platform-linux-i386-ncurses6-0.12.jar
7f4cda040000-7f4cda041000 r--s 00001000 08:01 4456584                    /home/ahmed/.gradle/wrapper/dists/gradle-3.3-all/55gk2rcmfc6p2dg9u9ohc3hw9/gradle-3.3/lib/native-platform-linux-i386-ncurses5-0.12.jar
7f4cda041000-7f4cda042000 r--s 00001000 08:01 4456583                    /home/ahmed/.gradle/wrapper/dists/gradle-3.3-all/55gk2rcmfc6p2dg9u9ohc3hw9/gradle-3.3/lib/native-platform-linux-amd64-ncurses6-0.12.jar
7f4cda042000-7f4cda043000 r--s 00001000 08:01 4456582                    /home/ahmed/.gradle/wrapper/dists/gradle-3.3-all/55gk2rcmfc6p2dg9u9ohc3hw9/gradle-3.3/lib/native-platform-linux-amd64-ncurses5-0.12.jar
7f4cda043000-7f4cda044000 r--s 0000b000 08:01 4456581                    /home/ahmed/.gradle/wrapper/dists/gradle-3.3-all/55gk2rcmfc6p2dg9u9ohc3hw9/gradle-3.3/lib/native-platform-windows-i386-0.12.jar
7f4cda044000-7f4cda046000 r--s 0000b000 08:01 4456580                    /home/ahmed/.gradle/wrapper/dists/gradle-3.3-all/55gk2rcmfc6p2dg9u9ohc3hw9/gradle-3.3/lib/native-platform-windows-amd64-0.12.jar
7f4cda046000-7f4cda048000 r--s 00002000 08:01 4456579                    /home/ahmed/.gradle/wrapper/dists/gradle-3.3-all/55gk2rcmfc6p2dg9u9ohc3hw9/gradle-3.3/lib/native-platform-osx-i386-0.12.jar
7f4cda048000-7f4cda049000 r--s 00002000 08:01 4456578                    /home/ahmed/.gradle/wrapper/dists/gradle-3.3-all/55gk2rcmfc6p2dg9u9ohc3hw9/gradle-3.3/lib/native-platform-osx-amd64-0.12.jar
7f4cda049000-7f4cda04a000 r--s 00002000 08:01 4456577                    /home/ahmed/.gradle/wrapper/dists/gradle-3.3-all/55gk2rcmfc6p2dg9u9ohc3hw9/gradle-3.3/lib/native-platform-linux-i386-0.12.jar
7f4cda04a000-7f4cda04b000 r--s 00002000 08:01 4456576                    /home/ahmed/.gradle/wrapper/dists/gradle-3.3-all/55gk2rcmfc6p2dg9u9ohc3hw9/gradle-3.3/lib/native-platform-linux-amd64-0.12.jar
7f4cda04b000-7f4cda04c000 r--s 00003000 08:01 4456575                    /home/ahmed/.gradle/wrapper/dists/gradle-3.3-all/55gk2rcmfc6p2dg9u9ohc3hw9/gradle-3.3/lib/native-platform-freebsd-i386-libstdcpp-0.12.jar
7f4cda04c000-7f4cda04e000 r--s 00003000 08:01 4456573                    /home/ahmed/.gradle/wrapper/dists/gradle-3.3-all/55gk2rcmfc6p2dg9u9ohc3hw9/gradle-3.3/lib/native-platform-freebsd-amd64-libstdcpp-0.12.jar
7f4cda04e000-7f4cda051000 r--s 00023000 08:01 4456566                    /home/ahmed/.gradle/wrapper/dists/gradle-3.3-all/55gk2rcmfc6p2dg9u9ohc3hw9/gradle-3.3/lib/jansi-1.14.jar
7f4cda051000-7f4cda055000 r--s 00011000 08:01 4456565                    /home/ahmed/.gradle/wrapper/dists/gradle-3.3-all/55gk2rcmfc6p2dg9u9ohc3hw9/gradle-3.3/lib/native-platform-0.12.jar
7f4cda055000-7f4cda058000 r--s 0000a000 08:01 4456543                    /home/ahmed/.gradle/wrapper/dists/gradle-3.3-all/55gk2rcmfc6p2dg9u9ohc3hw9/gradle-3.3/lib/gradle-native-3.3.jar
7f4cda058000-7f4cda067000 r--s 0007f000 08:01 4456550                    /home/ahmed/.gradle/wrapper/dists/gradle-3.3-all/55gk2rcmfc6p2dg9u9ohc3hw9/gradle-3.3/lib/gradle-model-core-3.3.jar
7f4cda067000-7f4cda0d7000 r--s 00641000 08:01 4456549                    /home/ahmed/.gradle/wrapper/dists/gradle-3.3-all/55gk2rcmfc6p2dg9u9ohc3hw9/gradle-3.3/lib/groovy-all-2.4.7.jar
7f4cda0d7000-7f4cda0ff000 r--s 001cf000 08:01 4456546                    /home/ahmed/.gradle/wrapper/dists/gradle-3.3-all/55gk2rcmfc6p2dg9u9ohc3hw9/gradle-3.3/lib/guava-jdk5-17.0.jar
7f4cda0ff000-7f4cda100000 ---p 00000000 00:00 0 
7f4cda100000-7f4cda200000 rw-p 00000000 00:00 0 
7f4cda200000-7f4cda203000 ---p 00000000 00:00 0 
7f4cda203000-7f4cda301000 rw-p 00000000 00:00 0 
7f4cda301000-7f4cda304000 ---p 00000000 00:00 0 
7f4cda304000-7f4cda402000 rw-p 00000000 00:00 0 
7f4cda402000-7f4cda405000 ---p 00000000 00:00 0 
7f4cda405000-7f4cda503000 rw-p 00000000 00:00 0 
7f4cda503000-7f4cda506000 ---p 00000000 00:00 0 
7f4cda506000-7f4cda604000 rw-p 00000000 00:00 0 
7f4cda604000-7f4cda607000 ---p 00000000 00:00 0 
7f4cda607000-7f4cda705000 rw-p 00000000 00:00 0 
7f4cda705000-7f4cda9f2000 r--p 00000000 08:01 2890020                    /usr/lib/locale/locale-archive
7f4cda9f2000-7f4cda9f5000 ---p 00000000 00:00 0 
7f4cda9f5000-7f4cdaaf3000 rw-p 00000000 00:00 0 
7f4cdaaf3000-7f4cdaaf6000 ---p 00000000 00:00 0 
7f4cdaaf6000-7f4cdabf4000 rw-p 00000000 00:00 0 
7f4cdabf4000-7f4cdabf5000 ---p 00000000 00:00 0 
7f4cdabf5000-7f4cdc000000 rw-p 00000000 00:00 0 
7f4cdc000000-7f4cdc03b000 rw-p 00000000 00:00 0 
7f4cdc03b000-7f4ce0000000 ---p 00000000 00:00 0 
7f4ce0000000-7f4ce0001000 r--s 00004000 08:01 4456574                    /home/ahmed/.gradle/wrapper/dists/gradle-3.3-all/55gk2rcmfc6p2dg9u9ohc3hw9/gradle-3.3/lib/native-platform-freebsd-i386-libcpp-0.12.jar
7f4ce0001000-7f4ce0002000 r--s 00004000 08:01 4456572                    /home/ahmed/.gradle/wrapper/dists/gradle-3.3-all/55gk2rcmfc6p2dg9u9ohc3hw9/gradle-3.3/lib/native-platform-freebsd-amd64-libcpp-0.12.jar
7f4ce0002000-7f4ce0004000 r--s 00005000 08:01 4456540                    /home/ahmed/.gradle/wrapper/dists/gradle-3.3-all/55gk2rcmfc6p2dg9u9ohc3hw9/gradle-3.3/lib/gradle-cli-3.3.jar
7f4ce0004000-7f4ce0006000 r--s 00007000 08:01 4456551                    /home/ahmed/.gradle/wrapper/dists/gradle-3.3-all/55gk2rcmfc6p2dg9u9ohc3hw9/gradle-3.3/lib/gradle-model-groovy-3.3.jar
7f4ce0006000-7f4ce0008000 r--s 00006000 08:01 4456558                    /home/ahmed/.gradle/wrapper/dists/gradle-3.3-all/55gk2rcmfc6p2dg9u9ohc3hw9/gradle-3.3/lib/gradle-base-services-groovy-3.3.jar
7f4ce0008000-7f4ce0009000 r--s 00002000 08:01 4456561                    /home/ahmed/.gradle/wrapper/dists/gradle-3.3-all/55gk2rcmfc6p2dg9u9ohc3hw9/gradle-3.3/lib/gradle-docs-3.3.jar
7f4ce0009000-7f4ce000a000 r--s 00000000 08:01 4456557                    /home/ahmed/.gradle/wrapper/dists/gradle-3.3-all/55gk2rcmfc6p2dg9u9ohc3hw9/gradle-3.3/lib/javax.inject-1.jar
7f4ce000a000-7f4ce0017000 r--s 00083000 08:01 4456554                    /home/ahmed/.gradle/wrapper/dists/gradle-3.3-all/55gk2rcmfc6p2dg9u9ohc3hw9/gradle-3.3/lib/commons-collections-3.2.2.jar
7f4ce0017000-7f4ce0036000 r--s 001d1000 08:01 4456553                    /home/ahmed/.gradle/wrapper/dists/gradle-3.3-all/55gk2rcmfc6p2dg9u9ohc3hw9/gradle-3.3/lib/ant-1.9.6.jar
7f4ce0036000-7f4ce0073000 r--s 001f8000 08:01 4456539                    /home/ahmed/.gradle/wrapper/dists/gradle-3.3-all/55gk2rcmfc6p2dg9u9ohc3hw9/gradle-3.3/lib/gradle-core-3.3.jar
7f4ce0073000-7f4ce0508000 rw-p 00000000 00:00 0 
7f4ce0508000-7f4ce06e1000 r--s 03d1f000 08:01 3149907                    /usr/lib/jvm/java-8-oracle/jre/lib/rt.jar
7f4ce06e1000-7f4ce39e1000 rw-p 00000000 00:00 0 
7f4ce39e1000-7f4ce39e2000 ---p 00000000 00:00 0 
7f4ce39e2000-7f4ce3ae2000 rw-p 00000000 00:00 0 
7f4ce3ae2000-7f4ce3ae3000 ---p 00000000 00:00 0 
7f4ce3ae3000-7f4ce3be3000 rw-p 00000000 00:00 0 
7f4ce3be3000-7f4ce3be4000 ---p 00000000 00:00 0 
7f4ce3be4000-7f4ce3d6e000 rw-p 00000000 00:00 0 
7f4ce3d6e000-7f4ce3ee4000 ---p 00000000 00:00 0 
7f4ce3ee4000-7f4ce3f6e000 rw-p 00000000 00:00 0 
7f4ce3f6e000-7f4ce40e4000 ---p 00000000 00:00 0 
7f4ce40e4000-7f4ce415f000 rw-p 00000000 00:00 0 
7f4ce415f000-7f4ce41e4000 ---p 00000000 00:00 0 
7f4ce41e4000-7f4ce4283000 rw-p 00000000 00:00 0 
7f4ce4283000-7f4ce45a5000 ---p 00000000 00:00 0 
7f4ce45a5000-7f4ce6d05000 rwxp 00000000 00:00 0 
7f4ce6d05000-7f4cf35a5000 ---p 00000000 00:00 0 
7f4cf35a5000-7f4cf35bf000 r-xp 00000000 08:01 3284666                    /usr/lib/jvm/java-8-oracle/jre/lib/amd64/libzip.so
7f4cf35bf000-7f4cf37bf000 ---p 0001a000 08:01 3284666                    /usr/lib/jvm/java-8-oracle/jre/lib/amd64/libzip.so
7f4cf37bf000-7f4cf37c0000 rw-p 0001a000 08:01 3284666                    /usr/lib/jvm/java-8-oracle/jre/lib/amd64/libzip.so
7f4cf37c0000-7f4cf37cb000 r-xp 00000000 08:01 8040228                    /lib/x86_64-linux-gnu/libnss_files-2.23.so
7f4cf37cb000-7f4cf39ca000 ---p 0000b000 08:01 8040228                    /lib/x86_64-linux-gnu/libnss_files-2.23.so
7f4cf39ca000-7f4cf39cb000 r--p 0000a000 08:01 8040228                    /lib/x86_64-linux-gnu/libnss_files-2.23.so
7f4cf39cb000-7f4cf39cc000 rw-p 0000b000 08:01 8040228                    /lib/x86_64-linux-gnu/libnss_files-2.23.so
7f4cf39cc000-7f4cf39d2000 rw-p 00000000 00:00 0 
7f4cf39d2000-7f4cf39dd000 r-xp 00000000 08:01 8040213                    /lib/x86_64-linux-gnu/libnss_nis-2.23.so
7f4cf39dd000-7f4cf3bdc000 ---p 0000b000 08:01 8040213                    /lib/x86_64-linux-gnu/libnss_nis-2.23.so
7f4cf3bdc000-7f4cf3bdd000 r--p 0000a000 08:01 8040213                    /lib/x86_64-linux-gnu/libnss_nis-2.23.so
7f4cf3bdd000-7f4cf3bde000 rw-p 0000b000 08:01 8040213                    /lib/x86_64-linux-gnu/libnss_nis-2.23.so
7f4cf3bde000-7f4cf3bf4000 r-xp 00000000 08:01 8040224                    /lib/x86_64-linux-gnu/libnsl-2.23.so
7f4cf3bf4000-7f4cf3df3000 ---p 00016000 08:01 8040224                    /lib/x86_64-linux-gnu/libnsl-2.23.so
7f4cf3df3000-7f4cf3df4000 r--p 00015000 08:01 8040224                    /lib/x86_64-linux-gnu/libnsl-2.23.so
7f4cf3df4000-7f4cf3df5000 rw-p 00016000 08:01 8040224                    /lib/x86_64-linux-gnu/libnsl-2.23.so
7f4cf3df5000-7f4cf3df7000 rw-p 00000000 00:00 0 
7f4cf3df7000-7f4cf3dff000 r-xp 00000000 08:01 8040225                    /lib/x86_64-linux-gnu/libnss_compat-2.23.so
7f4cf3dff000-7f4cf3ffe000 ---p 00008000 08:01 8040225                    /lib/x86_64-linux-gnu/libnss_compat-2.23.so
7f4cf3ffe000-7f4cf3fff000 r--p 00007000 08:01 8040225                    /lib/x86_64-linux-gnu/libnss_compat-2.23.so
7f4cf3fff000-7f4cf4000000 rw-p 00008000 08:01 8040225                    /lib/x86_64-linux-gnu/libnss_compat-2.23.so
7f4cf4000000-7f4cf4cad000 rw-p 00000000 00:00 0 
7f4cf4cad000-7f4cf8000000 ---p 00000000 00:00 0 
7f4cf8000000-7f4cf8001000 r--s 00000000 08:01 4456556                    /home/ahmed/.gradle/wrapper/dists/gradle-3.3-all/55gk2rcmfc6p2dg9u9ohc3hw9/gradle-3.3/lib/jcip-annotations-1.0.jar
7f4cf8001000-7f4cf8005000 r--s 00027000 08:01 4456555                    /home/ahmed/.gradle/wrapper/dists/gradle-3.3-all/55gk2rcmfc6p2dg9u9ohc3hw9/gradle-3.3/lib/commons-io-2.2.jar
7f4cf8005000-7f4cf800a000 r--s 00038000 08:01 4456552                    /home/ahmed/.gradle/wrapper/dists/gradle-3.3-all/55gk2rcmfc6p2dg9u9ohc3hw9/gradle-3.3/lib/asm-all-5.1.jar
7f4cf800a000-7f4cf800b000 r--s 00001000 08:01 4456548                    /home/ahmed/.gradle/wrapper/dists/gradle-3.3-all/55gk2rcmfc6p2dg9u9ohc3hw9/gradle-3.3/lib/gradle-process-services-3.3.jar
7f4cf800b000-7f4cf800d000 r--s 00000000 08:01 4456538                    /home/ahmed/.gradle/wrapper/dists/gradle-3.3-all/55gk2rcmfc6p2dg9u9ohc3hw9/gradle-3.3/lib/gradle-jvm-services-3.3.jar
7f4cf800d000-7f4cf800e000 r--s 00000000 08:01 4456702                    /home/ahmed/.gradle/wrapper/dists/gradle-3.3-all/55gk2rcmfc6p2dg9u9ohc3hw9/gradle-3.3/lib/gradle-version-info-3.3.jar
7f4cf800e000-7f4cf8013000 r--s 00041000 08:01 4456547                    /home/ahmed/.gradle/wrapper/dists/gradle-3.3-all/55gk2rcmfc6p2dg9u9ohc3hw9/gradle-3.3/lib/commons-lang-2.6.jar
7f4cf8013000-7f4cf8020000 r--s 0005c000 08:01 4456534                    /home/ahmed/.gradle/wrapper/dists/gradle-3.3-all/55gk2rcmfc6p2dg9u9ohc3hw9/gradle-3.3/lib/gradle-launcher-3.3.jar
7f4cf8020000-7f4cf80b7000 rw-p 00000000 00:00 0 
7f4cf80b7000-7f4cf80b8000 ---p 00000000 00:00 0 
7f4cf80b8000-7f4cf81b8000 rw-p 00000000 00:00 0 
7f4cf81b8000-7f4cf81e2000 r-xp 00000000 08:01 3284615                    /usr/lib/jvm/java-8-oracle/jre/lib/amd64/libjava.so
7f4cf81e2000-7f4cf83e2000 ---p 0002a000 08:01 3284615                    /usr/lib/jvm/java-8-oracle/jre/lib/amd64/libjava.so
7f4cf83e2000-7f4cf83e4000 rw-p 0002a000 08:01 3284615                    /usr/lib/jvm/java-8-oracle/jre/lib/amd64/libjava.so
7f4cf83e4000-7f4cf83f1000 r-xp 00000000 08:01 3284672                    /usr/lib/jvm/java-8-oracle/jre/lib/amd64/libverify.so
7f4cf83f1000-7f4cf85f1000 ---p 0000d000 08:01 3284672                    /usr/lib/jvm/java-8-oracle/jre/lib/amd64/libverify.so
7f4cf85f1000-7f4cf85f3000 rw-p 0000d000 08:01 3284672                    /usr/lib/jvm/java-8-oracle/jre/lib/amd64/libverify.so
7f4cf85f3000-7f4cf85fa000 r-xp 00000000 08:01 8040212                    /lib/x86_64-linux-gnu/librt-2.23.so
7f4cf85fa000-7f4cf87f9000 ---p 00007000 08:01 8040212                    /lib/x86_64-linux-gnu/librt-2.23.so
7f4cf87f9000-7f4cf87fa000 r--p 00006000 08:01 8040212                    /lib/x86_64-linux-gnu/librt-2.23.so
7f4cf87fa000-7f4cf87fb000 rw-p 00007000 08:01 8040212                    /lib/x86_64-linux-gnu/librt-2.23.so
7f4cf87fb000-7f4cf8903000 r-xp 00000000 08:01 8040222                    /lib/x86_64-linux-gnu/libm-2.23.so
7f4cf8903000-7f4cf8b02000 ---p 00108000 08:01 8040222                    /lib/x86_64-linux-gnu/libm-2.23.so
7f4cf8b02000-7f4cf8b03000 r--p 00107000 08:01 8040222                    /lib/x86_64-linux-gnu/libm-2.23.so
7f4cf8b03000-7f4cf8b04000 rw-p 00108000 08:01 8040222                    /lib/x86_64-linux-gnu/libm-2.23.so
7f4cf8b04000-7f4cf97c4000 r-xp 00000000 08:01 3284648                    /usr/lib/jvm/java-8-oracle/jre/lib/amd64/server/libjvm.so
7f4cf97c4000-7f4cf99c4000 ---p 00cc0000 08:01 3284648                    /usr/lib/jvm/java-8-oracle/jre/lib/amd64/server/libjvm.so
7f4cf99c4000-7f4cf9a9c000 rw-p 00cc0000 08:01 3284648                    /usr/lib/jvm/java-8-oracle/jre/lib/amd64/server/libjvm.so
7f4cf9a9c000-7f4cf9ae7000 rw-p 00000000 00:00 0 
7f4cf9ae7000-7f4cf9ca6000 r-xp 00000000 08:01 8040217                    /lib/x86_64-linux-gnu/libc-2.23.so
7f4cf9ca6000-7f4cf9ea6000 ---p 001bf000 08:01 8040217                    /lib/x86_64-linux-gnu/libc-2.23.so
7f4cf9ea6000-7f4cf9eaa000 r--p 001bf000 08:01 8040217                    /lib/x86_64-linux-gnu/libc-2.23.so
7f4cf9eaa000-7f4cf9eac000 rw-p 001c3000 08:01 8040217                    /lib/x86_64-linux-gnu/libc-2.23.so
7f4cf9eac000-7f4cf9eb0000 rw-p 00000000 00:00 0 
7f4cf9eb0000-7f4cf9eb3000 r-xp 00000000 08:01 8040216                    /lib/x86_64-linux-gnu/libdl-2.23.so
7f4cf9eb3000-7f4cfa0b2000 ---p 00003000 08:01 8040216                    /lib/x86_64-linux-gnu/libdl-2.23.so
7f4cfa0b2000-7f4cfa0b3000 r--p 00002000 08:01 8040216                    /lib/x86_64-linux-gnu/libdl-2.23.so
7f4cfa0b3000-7f4cfa0b4000 rw-p 00003000 08:01 8040216                    /lib/x86_64-linux-gnu/libdl-2.23.so
7f4cfa0b4000-7f4cfa0c9000 r-xp 00000000 08:01 4079274                    /usr/lib/jvm/java-8-oracle/lib/amd64/jli/libjli.so
7f4cfa0c9000-7f4cfa2c9000 ---p 00015000 08:01 4079274                    /usr/lib/jvm/java-8-oracle/lib/amd64/jli/libjli.so
7f4cfa2c9000-7f4cfa2ca000 rw-p 00015000 08:01 4079274                    /usr/lib/jvm/java-8-oracle/lib/amd64/jli/libjli.so
7f4cfa2ca000-7f4cfa2e2000 r-xp 00000000 08:01 8040223                    /lib/x86_64-linux-gnu/libpthread-2.23.so
7f4cfa2e2000-7f4cfa4e1000 ---p 00018000 08:01 8040223                    /lib/x86_64-linux-gnu/libpthread-2.23.so
7f4cfa4e1000-7f4cfa4e2000 r--p 00017000 08:01 8040223                    /lib/x86_64-linux-gnu/libpthread-2.23.so
7f4cfa4e2000-7f4cfa4e3000 rw-p 00018000 08:01 8040223                    /lib/x86_64-linux-gnu/libpthread-2.23.so
7f4cfa4e3000-7f4cfa4e7000 rw-p 00000000 00:00 0 
7f4cfa4e7000-7f4cfa50d000 r-xp 00000000 08:01 7999545                    /lib/x86_64-linux-gnu/ld-2.23.so
7f4cfa50d000-7f4cfa50e000 r--s 00007000 08:01 4456545                    /home/ahmed/.gradle/wrapper/dists/gradle-3.3-all/55gk2rcmfc6p2dg9u9ohc3hw9/gradle-3.3/lib/slf4j-api-1.7.10.jar
7f4cfa50e000-7f4cfa517000 r--s 00042000 08:01 4456537                    /home/ahmed/.gradle/wrapper/dists/gradle-3.3-all/55gk2rcmfc6p2dg9u9ohc3hw9/gradle-3.3/lib/gradle-base-services-3.3.jar
7f4cfa517000-7f4cfa5dc000 rw-p 00000000 00:00 0 
7f4cfa5dc000-7f4cfa5df000 ---p 00000000 00:00 0 
7f4cfa5df000-7f4cfa6e1000 rw-p 00000000 00:00 0 
7f4cfa6e1000-7f4cfa6e2000 r--s 00004000 08:01 4456570                    /home/ahmed/.gradle/wrapper/dists/gradle-3.3-all/55gk2rcmfc6p2dg9u9ohc3hw9/gradle-3.3/lib/ant-launcher-1.9.6.jar
7f4cfa6e2000-7f4cfa700000 rw-p 00000000 00:00 0 
7f4cfa700000-7f4cfa708000 rw-s 00000000 08:01 12851931                   /tmp/hsperfdata_ahmed/28324
7f4cfa708000-7f4cfa709000 rw-p 00000000 00:00 0 
7f4cfa709000-7f4cfa70a000 ---p 00000000 00:00 0 
7f4cfa70a000-7f4cfa70c000 rw-p 00000000 00:00 0 
7f4cfa70c000-7f4cfa70d000 r--p 00025000 08:01 7999545                    /lib/x86_64-linux-gnu/ld-2.23.so
7f4cfa70d000-7f4cfa70e000 rw-p 00026000 08:01 7999545                    /lib/x86_64-linux-gnu/ld-2.23.so
7f4cfa70e000-7f4cfa70f000 rw-p 00000000 00:00 0 
7ffd5eeb9000-7ffd5eeda000 rw-p 00000000 00:00 0                          [stack]
7ffd5ef45000-7ffd5ef47000 r--p 00000000 00:00 0                          [vvar]
7ffd5ef47000-7ffd5ef49000 r-xp 00000000 00:00 0                          [vdso]
ffffffffff600000-ffffffffff601000 r-xp 00000000 00:00 0                  [vsyscall]

VM Arguments:
jvm_args: -Xmx1536m -Dfile.encoding=UTF-8 -Duser.country=US -Duser.language=en -Duser.variant 
java_command: org.gradle.launcher.daemon.bootstrap.GradleDaemon 3.3
java_class_path (initial): /home/ahmed/.gradle/wrapper/dists/gradle-3.3-all/55gk2rcmfc6p2dg9u9ohc3hw9/gradle-3.3/lib/gradle-launcher-3.3.jar
Launcher Type: SUN_STANDARD

Environment Variables:
JAVA_HOME=/usr/lib/jvm/java-8-oracle
PATH=/usr/local/sbin:/usr/local/bin:/usr/sbin:/usr/bin:/sbin:/bin:/usr/games:/usr/local/games:/snap/bin
LD_LIBRARY_PATH=/home/ahmed/myData/android-studio/bin:
SHELL=/bin/bash
DISPLAY=:0

Signal Handlers:
SIGSEGV: [libjvm.so+0xabca10], sa_mask[0]=11111111011111111101111111111110, sa_flags=SA_RESTART|SA_SIGINFO
SIGBUS: [libjvm.so+0xabca10], sa_mask[0]=11111111011111111101111111111110, sa_flags=SA_RESTART|SA_SIGINFO
SIGFPE: [libjvm.so+0x919a20], sa_mask[0]=11111111011111111101111111111110, sa_flags=SA_RESTART|SA_SIGINFO
SIGPIPE: [libjvm.so+0x919a20], sa_mask[0]=11111111011111111101111111111110, sa_flags=SA_RESTART|SA_SIGINFO
SIGXFSZ: [libjvm.so+0x919a20], sa_mask[0]=11111111011111111101111111111110, sa_flags=SA_RESTART|SA_SIGINFO
SIGILL: [libjvm.so+0x919a20], sa_mask[0]=11111111011111111101111111111110, sa_flags=SA_RESTART|SA_SIGINFO
SIGUSR1: SIG_DFL, sa_mask[0]=00000000000000000000000000000000, sa_flags=none
SIGUSR2: [libjvm.so+0x91b050], sa_mask[0]=00100000000000000000000000000000, sa_flags=SA_RESTART|SA_SIGINFO
SIGHUP: [libjvm.so+0x91c450], sa_mask[0]=11111111011111111101111111111110, sa_flags=SA_RESTART|SA_SIGINFO
SIGINT: [libjvm.so+0x91c450], sa_mask[0]=11111111011111111101111111111110, sa_flags=SA_RESTART|SA_SIGINFO
SIGTERM: [libjvm.so+0x91c450], sa_mask[0]=11111111011111111101111111111110, sa_flags=SA_RESTART|SA_SIGINFO
SIGQUIT: [libjvm.so+0x91c450], sa_mask[0]=11111111011111111101111111111110, sa_flags=SA_RESTART|SA_SIGINFO


---------------  S Y S T E M  ---------------

OS:DISTRIB_ID=Ubuntu
DISTRIB_RELEASE=16.04
DISTRIB_CODENAME=xenial
DISTRIB_DESCRIPTION="Ubuntu 16.04.1 LTS"

uname:Linux 4.4.0-57-generic #78-Ubuntu SMP Fri Dec 9 23:50:32 UTC 2016 x86_64
libc:glibc 2.23 NPTL 2.23 
rlimit: STACK 8192k, CORE 0k, NPROC 23442, NOFILE 65536, AS infinity
load average:1.21 3.14 3.24

/proc/meminfo:
MemTotal:        6039060 kB
MemFree:          852628 kB
MemAvailable:    1285916 kB
Buffers:           70164 kB
Cached:           729764 kB
SwapCached:       219440 kB
Active:          3735908 kB
Inactive:        1144908 kB
Active(anon):    3433888 kB
Inactive(anon):   853816 kB
Active(file):     302020 kB
Inactive(file):   291092 kB
Unevictable:         112 kB
Mlocked:             112 kB
SwapTotal:       6213628 kB
SwapFree:        4506216 kB
Dirty:              5560 kB
Writeback:             0 kB
AnonPages:       4083348 kB
Mapped:           287396 kB
Shmem:            206908 kB
Slab:             155520 kB
SReclaimable:     105952 kB
SUnreclaim:        49568 kB
KernelStack:       14048 kB
PageTables:        61104 kB
NFS_Unstable:          0 kB
Bounce:                0 kB
WritebackTmp:          0 kB
CommitLimit:     9233156 kB
Committed_AS:   11914708 kB
VmallocTotal:   34359738367 kB
VmallocUsed:           0 kB
VmallocChunk:          0 kB
HardwareCorrupted:     0 kB
AnonHugePages:   1810432 kB
CmaTotal:              0 kB
CmaFree:               0 kB
HugePages_Total:       0
HugePages_Free:        0
HugePages_Rsvd:        0
HugePages_Surp:        0
Hugepagesize:       2048 kB
DirectMap4k:      255024 kB
DirectMap2M:     5965824 kB


CPU:total 4 (2 cores per cpu, 2 threads per core) family 6 model 42 stepping 7, cmov, cx8, fxsr, mmx, sse, sse2, sse3, ssse3, sse4.1, sse4.2, popcnt, avx, clmul, ht, tsc, tscinvbit

/proc/cpuinfo:
processor	: 0
vendor_id	: GenuineIntel
cpu family	: 6
model		: 42
model name	: Intel(R) Core(TM) i3-2310M CPU @ 2.10GHz
stepping	: 7
microcode	: 0x14
cpu MHz		: 2100.000
cache size	: 3072 KB
physical id	: 0
siblings	: 4
core id		: 0
cpu cores	: 2
apicid		: 0
initial apicid	: 0
fpu		: yes
fpu_exception	: yes
cpuid level	: 13
wp		: yes
flags		: fpu vme de pse tsc msr pae mce cx8 apic sep mtrr pge mca cmov pat pse36 clflush dts acpi mmx fxsr sse sse2 ss ht tm pbe syscall nx rdtscp lm constant_tsc arch_perfmon pebs bts rep_good nopl xtopology nonstop_tsc aperfmperf eagerfpu pni pclmulqdq dtes64 monitor ds_cpl vmx est tm2 ssse3 cx16 xtpr pdcm pcid sse4_1 sse4_2 x2apic popcnt tsc_deadline_timer xsave avx lahf_lm epb tpr_shadow vnmi flexpriority ept vpid xsaveopt dtherm arat pln pts
bugs		:
bogomips	: 4190.45
clflush size	: 64
cache_alignment	: 64
address sizes	: 36 bits physical, 48 bits virtual
power management:

processor	: 1
vendor_id	: GenuineIntel
cpu family	: 6
model		: 42
model name	: Intel(R) Core(TM) i3-2310M CPU @ 2.10GHz
stepping	: 7
microcode	: 0x14
cpu MHz		: 2100.000
cache size	: 3072 KB
physical id	: 0
siblings	: 4
core id		: 0
cpu cores	: 2
apicid		: 1
initial apicid	: 1
fpu		: yes
fpu_exception	: yes
cpuid level	: 13
wp		: yes
flags		: fpu vme de pse tsc msr pae mce cx8 apic sep mtrr pge mca cmov pat pse36 clflush dts acpi mmx fxsr sse sse2 ss ht tm pbe syscall nx rdtscp lm constant_tsc arch_perfmon pebs bts rep_good nopl xtopology nonstop_tsc aperfmperf eagerfpu pni pclmulqdq dtes64 monitor ds_cpl vmx est tm2 ssse3 cx16 xtpr pdcm pcid sse4_1 sse4_2 x2apic popcnt tsc_deadline_timer xsave avx lahf_lm epb tpr_shadow vnmi flexpriority ept vpid xsaveopt dtherm arat pln pts
bugs		:
bogomips	: 4190.45
clflush size	: 64
cache_alignment	: 64
address sizes	: 36 bits physical, 48 bits virtual
power management:

processor	: 2
vendor_id	: GenuineIntel
cpu family	: 6
model		: 42
model name	: Intel(R) Core(TM) i3-2310M CPU @ 2.10GHz
stepping	: 7
microcode	: 0x14
cpu MHz		: 2100.000
cache size	: 3072 KB
physical id	: 0
siblings	: 4
core id		: 1
cpu cores	: 2
apicid		: 2
initial apicid	: 2
fpu		: yes
fpu_exception	: yes
cpuid level	: 13
wp		: yes
flags		: fpu vme de pse tsc msr pae mce cx8 apic sep mtrr pge mca cmov pat pse36 clflush dts acpi mmx fxsr sse sse2 ss ht tm pbe syscall nx rdtscp lm constant_tsc arch_perfmon pebs bts rep_good nopl xtopology nonstop_tsc aperfmperf eagerfpu pni pclmulqdq dtes64 monitor ds_cpl vmx est tm2 ssse3 cx16 xtpr pdcm pcid sse4_1 sse4_2 x2apic popcnt tsc_deadline_timer xsave avx lahf_lm epb tpr_shadow vnmi flexpriority ept vpid xsaveopt dtherm arat pln pts
bugs		:
bogomips	: 4190.45
clflush size	: 64
cache_alignment	: 64
address sizes	: 36 bits physical, 48 bits virtual
power management:

processor	: 3
vendor_id	: GenuineIntel
cpu family	: 6
model		: 42
model name	: Intel(R) Core(TM) i3-2310M CPU @ 2.10GHz
stepping	: 7
microcode	: 0x14
cpu MHz		: 2099.917
cache size	: 3072 KB
physical id	: 0
siblings	: 4
core id		: 1
cpu cores	: 2
apicid		: 3
initial apicid	: 3
fpu		: yes
fpu_exception	: yes
cpuid level	: 13
wp		: yes
flags		: fpu vme de pse tsc msr pae mce cx8 apic sep mtrr pge mca cmov pat pse36 clflush dts acpi mmx fxsr sse sse2 ss ht tm pbe syscall nx rdtscp lm constant_tsc arch_perfmon pebs bts rep_good nopl xtopology nonstop_tsc aperfmperf eagerfpu pni pclmulqdq dtes64 monitor ds_cpl vmx est tm2 ssse3 cx16 xtpr pdcm pcid sse4_1 sse4_2 x2apic popcnt tsc_deadline_timer xsave avx lahf_lm epb tpr_shadow vnmi flexpriority ept vpid xsaveopt dtherm arat pln pts
bugs		:
bogomips	: 4190.45
clflush size	: 64
cache_alignment	: 64
address sizes	: 36 bits physical, 48 bits virtual
power management:



Memory: 4k page, physical 6039060k(852628k free), swap 6213628k(4506216k free)

vm_info: Java HotSpot(TM) 64-Bit Server VM (25.91-b14) for linux-amd64 JRE (1.8.0_91-b14), built on Apr  1 2016 00:57:21 by "java_re" with gcc 4.3.0 20080428 (Red Hat 4.3.0-8)

time: Sat Mar 25 19:06:25 2017
elapsed time: 454 seconds (0d 0h 7m 34s)

